<?xml version="1.0" ?>
<coverage branch-rate="0.7873" branches-covered="644" branches-valid="818" complexity="0" line-rate="0.8983" lines-covered="2359" lines-valid="2626" timestamp="1683205659902" version="7.2.5">
	<!-- Generated by coverage.py: https://coverage.readthedocs.io/en/7.2.5 -->
	<!-- Based on https://raw.githubusercontent.com/cobertura/web/master/htdocs/xml/coverage-04.dtd -->
	<sources>
		<source>/home/runner/work/python-pyfields/python-pyfields</source>
	</sources>
	<packages>
		<package branch-rate="0.7479" complexity="0" line-rate="0.8581" name="pyfields">
			<classes>
				<class branch-rate="1" complexity="0" filename="pyfields/__init__.py" line-rate="1" name="__init__.py">
					<methods/>
					<lines>
						<line hits="1" number="5"/>
						<line hits="1" number="6"/>
						<line hits="1" number="8"/>
						<line hits="1" number="9"/>
						<line hits="1" number="10"/>
						<line hits="1" number="12"/>
						<line hits="1" number="14"/>
						<line hits="1" number="16"/>
						<line hits="1" number="23"/>
					</lines>
				</class>
				<class branch-rate="1" complexity="0" filename="pyfields/_version.py" line-rate="1" name="_version.py">
					<methods/>
					<lines>
						<line hits="1" number="3"/>
						<line hits="1" number="4"/>
					</lines>
				</class>
				<class branch-rate="0.7232" complexity="0" filename="pyfields/autofields_.py" line-rate="0.8732" name="autofields_.py">
					<methods/>
					<lines>
						<line hits="1" number="5"/>
						<line hits="1" number="6"/>
						<line hits="1" number="7"/>
						<line hits="1" number="9"/>
						<line hits="1" number="10"/>
						<line hits="1" number="11"/>
						<line hits="1" number="16"/>
						<line hits="1" number="17"/>
						<line hits="1" number="18"/>
						<line hits="1" number="21"/>
						<line hits="1" number="22"/>
						<line hits="1" number="25"/>
						<line branch="true" condition-coverage="100% (2/2)" hits="1" number="27"/>
						<line hits="1" number="28"/>
						<line hits="1" number="29"/>
						<line hits="1" number="31"/>
						<line hits="1" number="34"/>
						<line hits="1" number="97"/>
						<line hits="1" number="98"/>
						<line hits="1" number="100"/>
						<line hits="1" number="104"/>
						<line hits="1" number="105"/>
						<line branch="true" condition-coverage="100% (2/2)" hits="1" number="107"/>
						<line hits="1" number="110"/>
						<line hits="1" number="111"/>
						<line branch="true" condition-coverage="50% (1/2)" hits="1" missing-branches="115" number="113"/>
						<line hits="0" number="115"/>
						<line hits="1" number="129"/>
						<line branch="true" condition-coverage="100% (2/2)" hits="1" number="131"/>
						<line branch="true" condition-coverage="100% (2/2)" hits="1" number="132"/>
						<line hits="1" number="133"/>
						<line hits="1" number="135"/>
						<line hits="1" number="137"/>
						<line branch="true" condition-coverage="100% (2/2)" hits="1" number="138"/>
						<line branch="true" condition-coverage="100% (2/2)" hits="1" number="139"/>
						<line hits="1" number="140"/>
						<line hits="1" number="142"/>
						<line hits="1" number="144"/>
						<line hits="1" number="146"/>
						<line branch="true" condition-coverage="100% (2/2)" hits="1" number="147"/>
						<line branch="true" condition-coverage="100% (2/2)" hits="1" number="148"/>
						<line hits="1" number="149"/>
						<line hits="1" number="151"/>
						<line hits="1" number="152"/>
						<line hits="1" number="154"/>
						<line hits="1" number="155"/>
						<line hits="1" number="156"/>
						<line hits="1" number="157"/>
						<line branch="true" condition-coverage="100% (2/2)" hits="1" number="158"/>
						<line hits="1" number="159"/>
						<line hits="1" number="160"/>
						<line hits="1" number="162"/>
						<line hits="1" number="163"/>
						<line hits="1" number="164"/>
						<line hits="1" number="165"/>
						<line hits="1" number="166"/>
						<line hits="1" number="167"/>
						<line hits="1" number="168"/>
						<line hits="1" number="169"/>
						<line branch="true" condition-coverage="100% (2/2)" hits="1" number="172"/>
						<line branch="true" condition-coverage="100% (2/2)" hits="1" number="173"/>
						<line hits="1" number="175"/>
						<line branch="true" condition-coverage="100% (2/2)" hits="1" number="176"/>
						<line hits="1" number="178"/>
						<line branch="true" condition-coverage="100% (2/2)" hits="1" number="179"/>
						<line hits="1" number="182"/>
						<line branch="true" condition-coverage="100% (2/2)" hits="1" number="183"/>
						<line hits="1" number="186"/>
						<line hits="1" number="187"/>
						<line hits="0" number="188"/>
						<line hits="0" number="189"/>
						<line hits="1" number="190"/>
						<line hits="1" number="191"/>
						<line branch="true" condition-coverage="100% (2/2)" hits="1" number="192"/>
						<line hits="1" number="195"/>
						<line branch="true" condition-coverage="100% (2/2)" hits="1" number="196"/>
						<line hits="1" number="199"/>
						<line hits="1" number="202"/>
						<line branch="true" condition-coverage="100% (2/2)" hits="1" number="203"/>
						<line hits="1" number="205"/>
						<line hits="1" number="208"/>
						<line hits="1" number="210"/>
						<line hits="1" number="211"/>
						<line hits="1" number="212"/>
						<line hits="1" number="214"/>
						<line hits="1" number="219"/>
						<line hits="1" number="220"/>
						<line hits="1" number="221"/>
						<line hits="1" number="222"/>
						<line hits="1" number="223"/>
						<line hits="1" number="224"/>
						<line branch="true" condition-coverage="100% (2/2)" hits="1" number="227"/>
						<line hits="1" number="228"/>
						<line hits="1" number="230"/>
						<line branch="true" condition-coverage="100% (2/2)" hits="1" number="234"/>
						<line hits="1" number="236"/>
						<line hits="1" number="237"/>
						<line hits="1" number="239"/>
						<line hits="1" number="240"/>
						<line hits="1" number="241"/>
						<line hits="1" number="244"/>
						<line hits="1" number="247"/>
						<line hits="1" number="248"/>
						<line hits="1" number="251"/>
						<line hits="0" number="252"/>
						<line hits="1" number="256"/>
						<line hits="1" number="260"/>
						<line branch="true" condition-coverage="50% (1/2)" hits="1" missing-branches="354" number="353"/>
						<line hits="0" number="354"/>
						<line hits="1" number="357"/>
						<line hits="1" number="358"/>
						<line hits="1" number="359"/>
						<line hits="1" number="360"/>
						<line hits="1" number="363"/>
						<line branch="true" condition-coverage="50% (1/2)" hits="1" missing-branches="371" number="366"/>
						<line hits="1" number="367"/>
						<line branch="true" condition-coverage="50% (1/2)" hits="1" missing-branches="375" number="371"/>
						<line hits="1" number="372"/>
						<line hits="1" number="375"/>
						<line branch="true" condition-coverage="50% (1/2)" hits="1" missing-branches="377" number="376"/>
						<line hits="0" number="377"/>
						<line branch="true" condition-coverage="100% (2/2)" hits="1" number="380"/>
						<line hits="1" number="381"/>
						<line branch="true" condition-coverage="100% (2/2)" hits="1" number="382"/>
						<line branch="true" condition-coverage="100% (2/2)" hits="1" number="385"/>
						<line hits="1" number="386"/>
						<line branch="true" condition-coverage="50% (1/2)" hits="1" missing-branches="394" number="387"/>
						<line hits="1" number="389"/>
						<line branch="true" condition-coverage="100% (2/2)" hits="1" number="391"/>
						<line hits="1" number="393"/>
						<line branch="true" condition-coverage="50% (1/2)" hits="1" missing-branches="403" number="394"/>
						<line hits="1" number="396"/>
						<line hits="1" number="398"/>
						<line hits="1" number="400"/>
						<line branch="true" condition-coverage="50% (1/2)" hits="1" missing-branches="423" number="403"/>
						<line hits="1" number="404"/>
						<line branch="true" condition-coverage="50% (1/2)" hits="1" missing-branches="412" number="405"/>
						<line hits="1" number="407"/>
						<line branch="true" condition-coverage="100% (2/2)" hits="1" number="409"/>
						<line hits="0" number="412"/>
						<line branch="true" condition-coverage="0% (0/2)" hits="0" missing-branches="exit,exit" number="414"/>
						<line branch="true" condition-coverage="50% (1/2)" hits="1" missing-branches="419" number="417"/>
						<line hits="1" number="418"/>
						<line branch="true" condition-coverage="50% (1/2)" hits="1" missing-branches="423" number="419"/>
						<line hits="1" number="420"/>
						<line branch="true" condition-coverage="50% (1/2)" hits="1" missing-branches="457" number="423"/>
						<line hits="1" number="424"/>
						<line hits="1" number="426"/>
						<line branch="true" condition-coverage="100% (2/2)" hits="1" number="428"/>
						<line hits="1" number="430"/>
						<line hits="1" number="431"/>
						<line hits="0" number="432"/>
						<line hits="0" number="433"/>
						<line hits="1" number="435"/>
						<line branch="true" condition-coverage="50% (1/2)" hits="1" missing-branches="446" number="436"/>
						<line hits="1" number="438"/>
						<line branch="true" condition-coverage="100% (2/2)" hits="1" number="439"/>
						<line branch="true" condition-coverage="100% (2/2)" hits="1" number="440"/>
						<line hits="1" number="441"/>
						<line hits="1" number="442"/>
						<line hits="1" number="443"/>
						<line hits="1" number="445"/>
						<line branch="true" condition-coverage="0% (0/2)" hits="0" missing-branches="448,451" number="446"/>
						<line hits="0" number="448"/>
						<line hits="0" number="451"/>
						<line branch="true" condition-coverage="50% (1/2)" hits="1" missing-branches="457" number="453"/>
						<line hits="1" number="454"/>
						<line branch="true" condition-coverage="50% (1/2)" hits="1" missing-branches="474" number="457"/>
						<line hits="1" number="458"/>
						<line hits="1" number="460"/>
						<line branch="true" condition-coverage="100% (2/2)" hits="1" number="469"/>
						<line branch="true" condition-coverage="50% (1/2)" hits="1" missing-branches="474" number="471"/>
						<line hits="1" number="472"/>
						<line hits="1" number="474"/>
						<line branch="true" condition-coverage="100% (2/2)" hits="1" number="477"/>
						<line hits="1" number="479"/>
						<line hits="1" number="480"/>
						<line hits="1" number="481"/>
						<line hits="1" number="484"/>
						<line hits="1" number="487"/>
						<line branch="true" condition-coverage="50% (1/2)" hits="1" missing-branches="503" number="502"/>
						<line hits="0" number="503"/>
						<line hits="1" number="506"/>
						<line branch="true" condition-coverage="50% (1/2)" hits="1" missing-branches="508" number="507"/>
						<line branch="true" condition-coverage="0% (0/2)" hits="0" missing-branches="509,512" number="508"/>
						<line hits="0" number="509"/>
						<line hits="0" number="512"/>
						<line hits="0" number="513"/>
						<line branch="true" condition-coverage="0% (0/2)" hits="0" missing-branches="515,517" number="514"/>
						<line hits="0" number="515"/>
						<line hits="0" number="517"/>
						<line branch="true" condition-coverage="50% (1/2)" hits="1" missing-branches="520" number="519"/>
						<line hits="0" number="520"/>
						<line hits="0" number="521"/>
						<line branch="true" condition-coverage="0% (0/2)" hits="0" missing-branches="523,525" number="522"/>
						<line hits="0" number="523"/>
						<line branch="true" condition-coverage="0% (0/2)" hits="0" missing-branches="exit,527" number="525"/>
						<line hits="1" number="527"/>
						<line hits="1" number="551"/>
						<line hits="1" number="574"/>
						<line branch="true" condition-coverage="100% (2/2)" hits="1" number="576"/>
						<line hits="1" number="577"/>
						<line branch="true" condition-coverage="100% (2/2)" hits="1" number="578"/>
						<line hits="1" number="579"/>
						<line hits="1" number="581"/>
					</lines>
				</class>
				<class branch-rate="0.8" complexity="0" filename="pyfields/core.py" line-rate="0.8711" name="core.py">
					<methods/>
					<lines>
						<line hits="1" number="5"/>
						<line hits="1" number="6"/>
						<line hits="1" number="7"/>
						<line hits="1" number="8"/>
						<line hits="1" number="10"/>
						<line hits="1" number="11"/>
						<line hits="1" number="16"/>
						<line hits="1" number="18"/>
						<line hits="1" number="19"/>
						<line hits="1" number="21"/>
						<line hits="1" number="23"/>
						<line hits="1" number="24"/>
						<line hits="1" number="25"/>
						<line branch="true" condition-coverage="50% (1/2)" hits="1" missing-branches="36" number="26"/>
						<line hits="1" number="27"/>
						<line hits="1" number="29"/>
						<line hits="1" number="36"/>
						<line hits="1" number="39"/>
						<line hits="1" number="40"/>
						<line hits="1" number="43"/>
						<line hits="1" number="44"/>
						<line hits="0" number="45"/>
						<line hits="0" number="47"/>
						<line hits="0" number="48"/>
						<line hits="0" number="50"/>
						<line hits="0" number="51"/>
						<line hits="0" number="52"/>
						<line branch="true" condition-coverage="0% (0/2)" hits="0" missing-branches="54,56" number="53"/>
						<line hits="0" number="54"/>
						<line hits="0" number="56"/>
						<line hits="1" number="59"/>
						<line hits="1" number="63"/>
						<line hits="1" number="66"/>
						<line hits="1" number="70"/>
						<line hits="1" number="72"/>
						<line hits="1" number="73"/>
						<line hits="1" number="74"/>
						<line hits="1" number="76"/>
						<line hits="1" number="77"/>
						<line hits="1" number="80"/>
						<line hits="1" number="84"/>
						<line hits="1" number="86"/>
						<line hits="1" number="87"/>
						<line hits="1" number="88"/>
						<line hits="1" number="90"/>
						<line hits="1" number="91"/>
						<line hits="1" number="95"/>
						<line hits="1" number="104"/>
						<line hits="1" number="105"/>
						<line hits="1" number="106"/>
						<line hits="1" number="107"/>
						<line hits="1" number="108"/>
						<line hits="1" number="109"/>
						<line hits="1" number="111"/>
						<line hits="1" number="113"/>
						<line hits="1" number="117"/>
						<line hits="1" number="120"/>
						<line hits="1" number="123"/>
						<line hits="1" number="124"/>
						<line hits="1" number="127"/>
						<line hits="1" number="130"/>
						<line branch="true" condition-coverage="50% (1/2)" hits="1" missing-branches="135" number="133"/>
						<line hits="0" number="135"/>
						<line hits="0" number="136"/>
						<line hits="1" number="139"/>
						<line hits="1" number="143"/>
						<line branch="true" condition-coverage="50% (1/2)" hits="1" missing-branches="148" number="145"/>
						<line hits="0" number="148"/>
						<line hits="0" number="149"/>
						<line hits="1" number="151"/>
						<line branch="true" condition-coverage="50% (1/2)" hits="1" missing-branches="162" number="161"/>
						<line hits="0" number="162"/>
						<line hits="0" number="164"/>
						<line hits="0" number="165"/>
						<line branch="true" condition-coverage="100% (2/2)" hits="1" number="168"/>
						<line hits="1" number="169"/>
						<line branch="true" condition-coverage="50% (1/2)" hits="1" missing-branches="171" number="170"/>
						<line hits="0" number="171"/>
						<line hits="1" number="173"/>
						<line hits="1" number="174"/>
						<line hits="1" number="176"/>
						<line hits="1" number="177"/>
						<line hits="1" number="178"/>
						<line hits="1" number="181"/>
						<line hits="1" number="182"/>
						<line hits="1" number="185"/>
						<line branch="true" condition-coverage="100% (2/2)" hits="1" number="188"/>
						<line hits="1" number="189"/>
						<line hits="1" number="191"/>
						<line branch="true" condition-coverage="100% (2/2)" hits="1" number="194"/>
						<line branch="true" condition-coverage="100% (2/2)" hits="1" number="195"/>
						<line hits="1" number="196"/>
						<line branch="true" condition-coverage="100% (2/2)" hits="1" number="197"/>
						<line branch="true" condition-coverage="100% (2/2)" hits="1" number="198"/>
						<line hits="1" number="199"/>
						<line hits="1" number="201"/>
						<line hits="1" number="204"/>
						<line hits="1" number="206"/>
						<line hits="1" number="209"/>
						<line hits="1" number="210"/>
						<line hits="1" number="212"/>
						<line hits="1" number="240"/>
						<line branch="true" condition-coverage="50% (1/2)" hits="1" missing-branches="243" number="242"/>
						<line hits="0" number="243"/>
						<line branch="true" condition-coverage="100% (2/2)" hits="1" number="246"/>
						<line branch="true" condition-coverage="50% (1/2)" hits="1" missing-branches="248" number="247"/>
						<line hits="0" number="248"/>
						<line hits="1" number="253"/>
						<line branch="true" condition-coverage="100% (2/2)" hits="1" number="256"/>
						<line branch="true" condition-coverage="100% (2/2)" hits="1" number="258"/>
						<line branch="true" condition-coverage="50% (1/2)" hits="1" missing-branches="260" number="259"/>
						<line hits="0" number="260"/>
						<line hits="1" number="261"/>
						<line branch="true" condition-coverage="100% (2/2)" hits="1" number="264"/>
						<line hits="1" number="266"/>
						<line branch="true" condition-coverage="100% (2/2)" hits="1" number="269"/>
						<line branch="true" condition-coverage="100% (2/2)" hits="1" number="270"/>
						<line hits="1" number="271"/>
						<line hits="1" number="273"/>
						<line branch="true" condition-coverage="100% (2/2)" hits="1" number="276"/>
						<line hits="1" number="278"/>
						<line hits="1" number="281"/>
						<line branch="true" condition-coverage="100% (2/2)" hits="1" number="284"/>
						<line hits="1" number="287"/>
						<line hits="1" number="289"/>
						<line hits="1" number="291"/>
						<line branch="true" condition-coverage="50% (1/2)" hits="1" missing-branches="exit" number="295"/>
						<line hits="1" number="300"/>
						<line hits="1" number="301"/>
						<line hits="1" number="302"/>
						<line hits="1" number="304"/>
						<line hits="1" number="307"/>
						<line hits="1" number="309"/>
						<line branch="true" condition-coverage="100% (2/2)" hits="1" number="313"/>
						<line hits="1" number="314"/>
						<line hits="1" number="315"/>
						<line hits="0" number="316"/>
						<line hits="0" number="318"/>
						<line hits="1" number="320"/>
						<line hits="1" number="322"/>
						<line hits="1" number="324"/>
						<line hits="1" number="325"/>
						<line hits="1" number="327"/>
						<line hits="1" number="352"/>
						<line hits="1" number="353"/>
						<line hits="1" number="354"/>
						<line hits="1" number="355"/>
						<line hits="1" number="357"/>
						<line branch="true" condition-coverage="100% (2/2)" hits="1" number="409"/>
						<line hits="1" number="411"/>
						<line hits="1" number="412"/>
						<line hits="1" number="415"/>
						<line branch="true" condition-coverage="50% (1/2)" hits="1" missing-branches="418" number="417"/>
						<line branch="true" condition-coverage="0% (0/2)" hits="0" missing-branches="419,421" number="418"/>
						<line hits="0" number="419"/>
						<line hits="0" number="421"/>
						<line branch="true" condition-coverage="50% (1/2)" hits="1" missing-branches="426" number="423"/>
						<line hits="1" number="424"/>
						<line hits="0" number="426"/>
						<line hits="1" number="427"/>
						<line hits="1" number="428"/>
						<line hits="1" number="430"/>
						<line hits="1" number="432"/>
						<line branch="true" condition-coverage="50% (1/2)" hits="1" missing-branches="444" number="442"/>
						<line hits="0" number="444"/>
						<line hits="0" number="447"/>
						<line branch="true" condition-coverage="50% (1/2)" hits="1" missing-branches="450" number="449"/>
						<line hits="0" number="450"/>
						<line branch="true" condition-coverage="100% (2/2)" hits="1" number="456"/>
						<line hits="1" number="457"/>
						<line hits="1" number="459"/>
						<line hits="1" number="461"/>
						<line branch="true" condition-coverage="100% (2/2)" hits="1" number="519"/>
						<line hits="1" number="521"/>
						<line hits="1" number="522"/>
						<line hits="1" number="525"/>
						<line hits="1" number="527"/>
						<line hits="1" number="528"/>
						<line hits="1" number="530"/>
						<line hits="1" number="532"/>
						<line branch="true" condition-coverage="50% (1/2)" hits="1" missing-branches="544" number="542"/>
						<line hits="0" number="544"/>
						<line hits="0" number="547"/>
						<line branch="true" condition-coverage="50% (1/2)" hits="1" missing-branches="550" number="549"/>
						<line hits="0" number="550"/>
						<line branch="true" condition-coverage="100% (2/2)" hits="1" number="556"/>
						<line hits="1" number="557"/>
						<line hits="1" number="559"/>
						<line hits="1" number="561"/>
						<line hits="0" number="574"/>
						<line hits="1" number="577"/>
						<line branch="true" condition-coverage="100% (2/2)" hits="1" number="756"/>
						<line hits="1" number="758"/>
						<line branch="true" condition-coverage="100% (2/2)" hits="1" number="761"/>
						<line branch="true" condition-coverage="100% (2/2)" hits="1" number="763"/>
						<line hits="1" number="764"/>
						<line hits="1" number="768"/>
						<line hits="1" number="771"/>
						<line branch="true" condition-coverage="100% (2/2)" hits="1" number="774"/>
						<line hits="1" number="775"/>
						<line hits="1" number="779"/>
						<line hits="1" number="783"/>
						<line hits="1" number="787"/>
						<line hits="1" number="790"/>
						<line hits="1" number="795"/>
						<line hits="1" number="798"/>
						<line hits="0" number="799"/>
						<line hits="1" number="801"/>
						<line hits="0" number="802"/>
						<line hits="1" number="807"/>
						<line hits="1" number="812"/>
						<line hits="1" number="814"/>
						<line branch="true" condition-coverage="50% (1/2)" hits="1" missing-branches="821" number="819"/>
						<line hits="0" number="821"/>
						<line branch="true" condition-coverage="100% (2/2)" hits="1" number="823"/>
						<line hits="1" number="825"/>
						<line hits="1" number="828"/>
						<line branch="true" condition-coverage="50% (1/2)" hits="1" missing-branches="848" number="830"/>
						<line branch="true" condition-coverage="100% (2/2)" hits="1" number="832"/>
						<line hits="1" number="833"/>
						<line branch="true" condition-coverage="100% (2/2)" hits="1" number="836"/>
						<line hits="1" number="837"/>
						<line hits="1" number="839"/>
						<line hits="1" number="843"/>
						<line hits="1" number="848"/>
						<line hits="1" number="860"/>
						<line hits="1" number="864"/>
						<line hits="1" number="866"/>
						<line hits="1" number="867"/>
						<line hits="1" number="868"/>
						<line hits="1" number="870"/>
						<line hits="0" number="871"/>
						<line hits="1" number="876"/>
						<line hits="1" number="877"/>
						<line hits="1" number="878"/>
						<line hits="1" number="881"/>
						<line hits="1" number="885"/>
						<line hits="1" number="887"/>
						<line hits="1" number="888"/>
						<line branch="true" condition-coverage="50% (1/2)" hits="1" missing-branches="903" number="902"/>
						<line hits="0" number="903"/>
						<line hits="0" number="904"/>
						<line hits="1" number="906"/>
						<line hits="1" number="907"/>
						<line hits="1" number="909"/>
						<line hits="1" number="914"/>
						<line hits="1" number="915"/>
						<line hits="1" number="917"/>
						<line hits="1" number="930"/>
						<line hits="1" number="934"/>
						<line branch="true" condition-coverage="100% (2/2)" hits="1" number="937"/>
						<line hits="1" number="938"/>
						<line hits="1" number="940"/>
						<line branch="true" condition-coverage="100% (2/2)" hits="1" number="943"/>
						<line hits="1" number="944"/>
						<line hits="1" number="946"/>
						<line hits="1" number="949"/>
						<line branch="true" condition-coverage="100% (2/2)" hits="1" number="955"/>
						<line hits="1" number="957"/>
						<line branch="true" condition-coverage="100% (2/2)" hits="1" number="958"/>
						<line hits="1" number="960"/>
						<line hits="1" number="962"/>
						<line hits="1" number="963"/>
						<line hits="1" number="965"/>
						<line hits="1" number="968"/>
						<line hits="1" number="971"/>
						<line hits="1" number="973"/>
						<line branch="true" condition-coverage="100% (2/2)" hits="1" number="982"/>
						<line hits="1" number="983"/>
						<line hits="1" number="985"/>
						<line hits="1" number="987"/>
						<line hits="1" number="990"/>
						<line branch="true" condition-coverage="100% (2/2)" hits="1" number="991"/>
						<line hits="1" number="993"/>
						<line hits="1" number="996"/>
						<line hits="1" number="998"/>
						<line branch="true" condition-coverage="50% (1/2)" hits="1" missing-branches="1005" number="1003"/>
						<line hits="0" number="1005"/>
						<line branch="true" condition-coverage="100% (2/2)" hits="1" number="1007"/>
						<line hits="1" number="1009"/>
						<line hits="1" number="1011"/>
						<line hits="1" number="1014"/>
						<line branch="true" condition-coverage="100% (2/2)" hits="1" number="1016"/>
						<line branch="true" condition-coverage="100% (2/2)" hits="1" number="1018"/>
						<line hits="1" number="1019"/>
						<line branch="true" condition-coverage="100% (2/2)" hits="1" number="1022"/>
						<line hits="1" number="1023"/>
						<line hits="1" number="1025"/>
						<line branch="true" condition-coverage="100% (2/2)" hits="1" number="1028"/>
						<line hits="1" number="1030"/>
						<line hits="1" number="1033"/>
						<line branch="true" condition-coverage="100% (2/2)" hits="1" number="1035"/>
						<line branch="true" condition-coverage="100% (2/2)" hits="1" number="1039"/>
						<line branch="true" condition-coverage="100% (2/2)" hits="1" number="1040"/>
						<line hits="1" number="1042"/>
						<line hits="1" number="1045"/>
						<line hits="1" number="1051"/>
						<line hits="1" number="1053"/>
						<line hits="1" number="1055"/>
						<line hits="1" number="1057"/>
						<line hits="1" number="1059"/>
						<line hits="1" number="1061"/>
						<line branch="true" condition-coverage="100% (2/2)" hits="1" number="1069"/>
						<line hits="1" number="1071"/>
						<line branch="true" condition-coverage="100% (2/2)" hits="1" number="1078"/>
						<line branch="true" condition-coverage="100% (2/2)" hits="1" number="1080"/>
						<line hits="1" number="1082"/>
						<line hits="1" number="1084"/>
						<line hits="1" number="1085"/>
						<line hits="1" number="1087"/>
						<line branch="true" condition-coverage="50% (1/2)" hits="1" missing-branches="1101" number="1089"/>
						<line hits="1" number="1091"/>
						<line hits="1" number="1092"/>
						<line hits="1" number="1093"/>
						<line hits="1" number="1095"/>
						<line hits="1" number="1098"/>
						<line hits="1" number="1099"/>
						<line hits="0" number="1101"/>
						<line hits="1" number="1104"/>
						<line hits="1" number="1105"/>
						<line hits="1" number="1106"/>
						<line branch="true" condition-coverage="100% (2/2)" hits="1" number="1109"/>
						<line hits="1" number="1111"/>
						<line branch="true" condition-coverage="100% (2/2)" hits="1" number="1112"/>
						<line hits="1" number="1113"/>
						<line branch="true" condition-coverage="100% (2/2)" hits="1" number="1116"/>
						<line branch="true" condition-coverage="100% (2/2)" hits="1" number="1118"/>
						<line branch="true" condition-coverage="50% (1/2)" hits="1" missing-branches="1120" number="1119"/>
						<line hits="0" number="1120"/>
						<line branch="true" condition-coverage="50% (1/2)" hits="1" missing-branches="1129" number="1125"/>
						<line hits="1" number="1127"/>
						<line branch="true" condition-coverage="0% (0/2)" hits="0" missing-branches="1130,1133" number="1129"/>
						<line hits="0" number="1130"/>
						<line branch="true" condition-coverage="100% (2/2)" hits="1" number="1133"/>
						<line hits="1" number="1134"/>
						<line branch="true" condition-coverage="100% (2/2)" hits="1" number="1136"/>
						<line hits="1" number="1139"/>
						<line hits="1" number="1145"/>
						<line branch="true" condition-coverage="100% (2/2)" hits="1" number="1148"/>
						<line hits="1" number="1149"/>
						<line hits="1" number="1151"/>
						<line hits="1" number="1153"/>
						<line hits="1" number="1157"/>
						<line branch="true" condition-coverage="50% (1/2)" hits="1" missing-branches="1174" number="1171"/>
						<line hits="1" number="1172"/>
						<line hits="0" number="1174"/>
						<line hits="1" number="1176"/>
						<line hits="1" number="1178"/>
						<line branch="true" condition-coverage="50% (1/2)" hits="1" missing-branches="1191" number="1179"/>
						<line branch="true" condition-coverage="50% (1/2)" hits="1" missing-branches="1188" number="1180"/>
						<line branch="true" condition-coverage="100% (2/2)" hits="1" number="1182"/>
						<line hits="1" number="1184"/>
						<line hits="1" number="1186"/>
						<line hits="1" number="1187"/>
						<line branch="true" condition-coverage="50% (1/2)" hits="1" missing-branches="1179" number="1188"/>
						<line hits="1" number="1189"/>
						<line hits="0" number="1191"/>
					</lines>
				</class>
				<class branch-rate="0.6667" complexity="0" filename="pyfields/helpers.py" line-rate="0.8167" name="helpers.py">
					<methods/>
					<lines>
						<line hits="1" number="5"/>
						<line hits="1" number="6"/>
						<line hits="1" number="7"/>
						<line hits="1" number="9"/>
						<line hits="1" number="10"/>
						<line hits="1" number="11"/>
						<line hits="1" number="15"/>
						<line hits="1" number="18"/>
						<line hits="1" number="20"/>
						<line hits="1" number="22"/>
						<line hits="1" number="23"/>
						<line hits="1" number="24"/>
						<line hits="1" number="27"/>
						<line hits="1" number="36"/>
						<line hits="1" number="37"/>
						<line branch="true" condition-coverage="50% (1/2)" hits="1" missing-branches="40" number="38"/>
						<line hits="0" number="40"/>
						<line hits="1" number="41"/>
						<line hits="1" number="43"/>
						<line branch="true" condition-coverage="100% (2/2)" hits="1" number="46"/>
						<line hits="1" number="47"/>
						<line hits="1" number="49"/>
						<line hits="1" number="52"/>
						<line branch="true" condition-coverage="50% (1/2)" hits="1" missing-branches="74" number="71"/>
						<line hits="1" number="72"/>
						<line hits="0" number="74"/>
						<line hits="1" number="77"/>
						<line hits="1" number="78"/>
						<line hits="1" number="79"/>
						<line branch="true" condition-coverage="100% (2/2)" hits="1" number="82"/>
						<line branch="true" condition-coverage="50% (1/2)" hits="1" missing-branches="85" number="83"/>
						<line hits="0" number="85"/>
						<line branch="true" condition-coverage="50% (1/2)" hits="1" missing-branches="88" number="86"/>
						<line hits="0" number="88"/>
						<line branch="true" condition-coverage="100% (2/2)" hits="1" number="90"/>
						<line branch="true" condition-coverage="100% (2/2)" hits="1" number="94"/>
						<line hits="1" number="95"/>
						<line hits="1" number="96"/>
						<line hits="1" number="97"/>
						<line hits="1" number="98"/>
						<line branch="true" condition-coverage="50% (1/2)" hits="1" missing-branches="102" number="100"/>
						<line hits="0" number="102"/>
						<line branch="true" condition-coverage="100% (2/2)" hits="1" number="104"/>
						<line hits="1" number="105"/>
						<line branch="true" condition-coverage="50% (1/2)" hits="1" missing-branches="114" number="107"/>
						<line branch="true" condition-coverage="100% (2/2)" hits="1" number="108"/>
						<line hits="1" number="109"/>
						<line hits="1" number="111"/>
						<line branch="true" condition-coverage="100% (2/2)" hits="1" number="114"/>
						<line hits="1" number="115"/>
						<line hits="1" number="116"/>
						<line hits="1" number="117"/>
						<line hits="1" number="118"/>
						<line hits="1" number="120"/>
						<line branch="true" condition-coverage="50% (1/2)" hits="1" missing-branches="126" number="123"/>
						<line hits="1" number="124"/>
						<line hits="0" number="126"/>
						<line branch="true" condition-coverage="50% (1/2)" hits="1" missing-branches="130" number="128"/>
						<line branch="true" condition-coverage="0% (0/2)" hits="0" missing-branches="exit,131" number="130"/>
						<line branch="true" condition-coverage="0% (0/2)" hits="0" missing-branches="82,132" number="131"/>
						<line hits="0" number="132"/>
						<line hits="1" number="135"/>
						<line hits="0" number="147"/>
						<line branch="true" condition-coverage="50% (1/2)" hits="1" missing-branches="153" number="150"/>
						<line hits="1" number="151"/>
						<line hits="0" number="153"/>
						<line hits="0" number="154"/>
						<line hits="1" number="157"/>
						<line hits="1" number="184"/>
						<line branch="true" condition-coverage="100% (2/2)" hits="1" number="188"/>
						<line hits="1" number="191"/>
						<line hits="1" number="195"/>
						<line hits="1" number="196"/>
						<line hits="0" number="197"/>
						<line hits="0" number="198"/>
						<line hits="1" number="201"/>
						<line branch="true" condition-coverage="50% (1/2)" hits="1" missing-branches="228" number="227"/>
						<line hits="0" number="228"/>
						<line hits="1" number="230"/>
						<line hits="1" number="252"/>
						<line branch="true" condition-coverage="100% (2/2)" hits="1" number="268"/>
						<line branch="true" condition-coverage="100% (2/2)" hits="1" number="269"/>
						<line hits="1" number="270"/>
						<line hits="1" number="272"/>
						<line hits="1" number="273"/>
						<line hits="1" number="274"/>
						<line hits="1" number="276"/>
						<line hits="1" number="277"/>
						<line branch="true" condition-coverage="50% (1/2)" hits="1" missing-branches="286" number="279"/>
						<line hits="1" number="280"/>
						<line hits="1" number="282"/>
						<line hits="1" number="283"/>
						<line hits="1" number="284"/>
						<line hits="0" number="286"/>
						<line hits="0" number="287"/>
						<line hits="1" number="290"/>
						<line hits="1" number="291"/>
						<line hits="1" number="293"/>
						<line hits="1" number="294"/>
						<line hits="1" number="296"/>
						<line hits="1" number="297"/>
						<line hits="1" number="298"/>
						<line hits="1" number="301"/>
						<line branch="true" condition-coverage="100% (2/2)" hits="1" number="314"/>
						<line branch="true" condition-coverage="50% (1/2)" hits="1" missing-branches="327" number="315"/>
						<line branch="true" condition-coverage="50% (1/2)" hits="1" missing-branches="321" number="317"/>
						<line hits="1" number="318"/>
						<line hits="1" number="319"/>
						<line hits="0" number="321"/>
						<line hits="0" number="322"/>
						<line hits="1" number="324"/>
						<line hits="0" number="327"/>
						<line hits="1" number="330"/>
						<line hits="1" number="333"/>
						<line branch="true" condition-coverage="50% (1/2)" hits="1" missing-branches="349" number="345"/>
						<line hits="1" number="346"/>
						<line hits="1" number="347"/>
						<line hits="0" number="349"/>
						<line hits="0" number="350"/>
						<line hits="1" number="352"/>
					</lines>
				</class>
				<class branch-rate="0.7286" complexity="0" filename="pyfields/init_makers.py" line-rate="0.8659" name="init_makers.py">
					<methods/>
					<lines>
						<line hits="1" number="5"/>
						<line hits="1" number="6"/>
						<line hits="1" number="7"/>
						<line hits="1" number="9"/>
						<line hits="1" number="10"/>
						<line hits="1" number="15"/>
						<line hits="1" number="16"/>
						<line hits="1" number="17"/>
						<line hits="1" number="22"/>
						<line hits="1" number="24"/>
						<line hits="1" number="25"/>
						<line hits="1" number="28"/>
						<line hits="1" number="79"/>
						<line branch="true" condition-coverage="100% (2/2)" hits="1" number="82"/>
						<line hits="1" number="84"/>
						<line branch="true" condition-coverage="50% (1/2)" hits="1" missing-branches="92" number="85"/>
						<line hits="1" number="89"/>
						<line hits="1" number="92"/>
						<line hits="1" number="97"/>
						<line hits="1" number="100"/>
						<line hits="1" number="103"/>
						<line branch="true" condition-coverage="100% (2/2)" hits="1" number="141"/>
						<line hits="1" number="143"/>
						<line branch="true" condition-coverage="50% (1/2)" hits="1" missing-branches="150" number="144"/>
						<line hits="1" number="148"/>
						<line hits="1" number="150"/>
						<line hits="1" number="155"/>
						<line hits="1" number="157"/>
						<line hits="1" number="160"/>
						<line hits="1" number="242"/>
						<line hits="1" number="246"/>
						<line hits="1" number="250"/>
						<line hits="1" number="261"/>
						<line hits="1" number="264"/>
						<line branch="true" condition-coverage="100% (2/2)" hits="1" number="266"/>
						<line hits="1" number="267"/>
						<line hits="1" number="268"/>
						<line hits="1" number="269"/>
						<line hits="1" number="270"/>
						<line hits="1" number="271"/>
						<line branch="true" condition-coverage="100% (2/2)" hits="1" number="272"/>
						<line hits="1" number="273"/>
						<line branch="true" condition-coverage="50% (1/2)" hits="1" missing-branches="275" number="274"/>
						<line hits="0" number="275"/>
						<line hits="1" number="276"/>
						<line hits="1" number="277"/>
						<line hits="1" number="279"/>
						<line hits="1" number="285"/>
						<line hits="1" number="287"/>
						<line branch="true" condition-coverage="50% (1/2)" hits="1" missing-branches="299" number="297"/>
						<line hits="1" number="298"/>
						<line branch="true" condition-coverage="0% (0/2)" hits="0" missing-branches="304,316" number="299"/>
						<line branch="true" condition-coverage="0% (0/2)" hits="0" missing-branches="305,316" number="304"/>
						<line hits="0" number="305"/>
						<line hits="0" number="306"/>
						<line hits="0" number="307"/>
						<line hits="0" number="308"/>
						<line branch="true" condition-coverage="0% (0/2)" hits="0" missing-branches="304,311" number="310"/>
						<line branch="true" condition-coverage="0% (0/2)" hits="0" missing-branches="304,313" number="311"/>
						<line hits="0" number="313"/>
						<line hits="1" number="316"/>
						<line branch="true" condition-coverage="100% (2/2)" hits="1" number="317"/>
						<line hits="1" number="319"/>
						<line branch="true" condition-coverage="50% (1/2)" hits="1" missing-branches="324" number="321"/>
						<line hits="0" number="324"/>
						<line hits="1" number="328"/>
						<line hits="1" number="333"/>
						<line hits="1" number="336"/>
						<line hits="1" number="339"/>
						<line hits="1" number="347"/>
						<line hits="1" number="349"/>
						<line hits="1" number="350"/>
						<line hits="1" number="352"/>
						<line branch="true" condition-coverage="100% (2/2)" hits="1" number="358"/>
						<line branch="true" condition-coverage="50% (1/2)" hits="1" missing-branches="364" number="359"/>
						<line hits="1" number="361"/>
						<line hits="0" number="364"/>
						<line hits="1" number="367"/>
						<line hits="1" number="384"/>
						<line branch="true" condition-coverage="100% (2/2)" hits="1" number="386"/>
						<line hits="1" number="388"/>
						<line hits="1" number="389"/>
						<line hits="1" number="392"/>
						<line hits="1" number="398"/>
						<line hits="1" number="400"/>
						<line hits="0" number="401"/>
						<line hits="0" number="402"/>
						<line branch="true" condition-coverage="100% (2/2)" hits="1" number="405"/>
						<line hits="1" number="406"/>
						<line branch="true" condition-coverage="100% (2/2)" hits="1" number="407"/>
						<line hits="1" number="409"/>
						<line hits="1" number="412"/>
						<line hits="1" number="414"/>
						<line hits="1" number="419"/>
						<line hits="1" number="422"/>
						<line branch="true" condition-coverage="50% (1/2)" hits="1" missing-branches="428" number="425"/>
						<line hits="1" number="426"/>
						<line hits="0" number="428"/>
						<line hits="1" number="430"/>
						<line branch="true" condition-coverage="100% (2/2)" hits="1" number="431"/>
						<line branch="true" condition-coverage="100% (2/2)" hits="1" number="432"/>
						<line hits="1" number="434"/>
						<line hits="1" number="435"/>
						<line branch="true" condition-coverage="100% (2/2)" hits="1" number="436"/>
						<line hits="1" number="438"/>
						<line hits="1" number="439"/>
						<line hits="1" number="440"/>
						<line hits="1" number="443"/>
						<line hits="1" number="444"/>
						<line branch="true" condition-coverage="50% (1/2)" hits="1" missing-branches="448" number="446"/>
						<line hits="0" number="448"/>
						<line hits="0" number="449"/>
						<line hits="0" number="450"/>
						<line hits="0" number="451"/>
						<line hits="0" number="452"/>
						<line hits="1" number="456"/>
						<line branch="true" condition-coverage="100% (2/2)" hits="1" number="459"/>
						<line hits="1" number="460"/>
						<line hits="1" number="466"/>
						<line branch="true" condition-coverage="100% (2/2)" hits="1" number="467"/>
						<line hits="1" number="468"/>
						<line hits="1" number="471"/>
						<line hits="1" number="474"/>
						<line hits="1" number="477"/>
						<line branch="true" condition-coverage="100% (2/2)" hits="1" number="484"/>
						<line hits="1" number="485"/>
						<line branch="true" condition-coverage="100% (2/2)" hits="1" number="486"/>
						<line hits="1" number="488"/>
						<line hits="1" number="491"/>
						<line hits="1" number="494"/>
						<line hits="1" number="496"/>
						<line hits="1" number="499"/>
						<line branch="true" condition-coverage="50% (1/2)" hits="1" missing-branches="517" number="514"/>
						<line hits="1" number="515"/>
						<line hits="1" number="517"/>
						<line hits="1" number="518"/>
						<line branch="true" condition-coverage="100% (2/2)" hits="1" number="519"/>
						<line branch="true" condition-coverage="100% (2/2)" hits="1" number="521"/>
						<line hits="1" number="523"/>
						<line hits="1" number="524"/>
						<line hits="1" number="525"/>
						<line branch="true" condition-coverage="100% (2/2)" hits="1" number="526"/>
						<line hits="1" number="528"/>
						<line hits="1" number="529"/>
						<line hits="1" number="532"/>
						<line hits="1" number="533"/>
						<line hits="1" number="536"/>
						<line hits="1" number="539"/>
						<line hits="1" number="542"/>
						<line hits="1" number="543"/>
						<line hits="1" number="545"/>
						<line hits="1" number="548"/>
						<line hits="1" number="560"/>
						<line branch="true" condition-coverage="100% (2/2)" hits="1" number="561"/>
						<line hits="1" number="562"/>
						<line hits="1" number="563"/>
						<line hits="1" number="564"/>
						<line hits="1" number="565"/>
						<line hits="1" number="566"/>
						<line branch="true" condition-coverage="50% (1/2)" hits="1" missing-branches="569" number="568"/>
						<line hits="0" number="569"/>
						<line branch="true" condition-coverage="50% (1/2)" hits="1" missing-branches="572" number="571"/>
						<line hits="0" number="572"/>
						<line hits="1" number="574"/>
					</lines>
				</class>
				<class branch-rate="0.6" complexity="0" filename="pyfields/typing_utils.py" line-rate="0.9259" name="typing_utils.py">
					<methods/>
					<lines>
						<line hits="1" number="5"/>
						<line hits="1" number="7"/>
						<line hits="1" number="10"/>
						<line hits="1" number="14"/>
						<line hits="1" number="16"/>
						<line hits="1" number="17"/>
						<line hits="1" number="18"/>
						<line hits="1" number="20"/>
						<line branch="true" condition-coverage="50% (1/2)" hits="1" missing-branches="22" number="21"/>
						<line hits="0" number="22"/>
						<line hits="1" number="23"/>
						<line hits="1" number="24"/>
						<line hits="1" number="25"/>
						<line hits="1" number="27"/>
						<line hits="1" number="30"/>
						<line hits="1" number="31"/>
						<line hits="0" number="32"/>
						<line hits="0" number="33"/>
						<line hits="1" number="37"/>
						<line branch="true" condition-coverage="100% (2/2)" hits="1" number="39"/>
						<line hits="1" number="40"/>
						<line hits="1" number="42"/>
						<line hits="1" number="44"/>
						<line hits="1" number="48"/>
						<line hits="1" number="49"/>
						<line hits="1" number="50"/>
						<line hits="1" number="51"/>
						<line hits="1" number="55"/>
						<line branch="true" condition-coverage="50% (1/2)" hits="1" missing-branches="57" number="56"/>
						<line hits="0" number="57"/>
						<line hits="1" number="60"/>
						<line hits="1" number="61"/>
						<line hits="1" number="63"/>
						<line hits="1" number="64"/>
						<line hits="1" number="106"/>
						<line hits="1" number="115"/>
						<line hits="1" number="116"/>
						<line hits="1" number="117"/>
						<line hits="1" number="119"/>
						<line hits="1" number="120"/>
						<line hits="1" number="121"/>
						<line hits="1" number="176"/>
						<line hits="1" number="179"/>
						<line hits="1" number="181"/>
						<line hits="1" number="182"/>
						<line hits="1" number="187"/>
						<line hits="1" number="188"/>
						<line branch="true" condition-coverage="50% (1/2)" hits="1" missing-branches="exit" number="189"/>
						<line hits="1" number="190"/>
						<line hits="1" number="191"/>
						<line hits="1" number="193"/>
						<line branch="true" condition-coverage="50% (1/2)" hits="1" missing-branches="199" number="197"/>
						<line hits="1" number="198"/>
						<line hits="1" number="199"/>
					</lines>
				</class>
				<class branch-rate="0.7727" complexity="0" filename="pyfields/validate_n_convert.py" line-rate="0.817" name="validate_n_convert.py">
					<methods/>
					<lines>
						<line hits="1" number="5"/>
						<line hits="1" number="6"/>
						<line hits="1" number="8"/>
						<line hits="1" number="9"/>
						<line hits="1" number="10"/>
						<line hits="1" number="11"/>
						<line hits="1" number="12"/>
						<line hits="1" number="13"/>
						<line hits="1" number="14"/>
						<line hits="1" number="16"/>
						<line hits="1" number="18"/>
						<line hits="0" number="20"/>
						<line branch="true" condition-coverage="50% (1/2)" hits="1" missing-branches="26" number="25"/>
						<line hits="0" number="26"/>
						<line hits="0" number="30"/>
						<line hits="0" number="36"/>
						<line hits="0" number="38"/>
						<line hits="0" number="39"/>
						<line hits="0" number="44"/>
						<line hits="0" number="52"/>
						<line hits="0" number="55"/>
						<line hits="0" number="64"/>
						<line hits="1" number="67"/>
						<line hits="1" number="71"/>
						<line hits="1" number="73"/>
						<line hits="1" number="97"/>
						<line hits="1" number="99"/>
						<line hits="1" number="100"/>
						<line hits="1" number="101"/>
						<line branch="true" condition-coverage="50% (1/2)" hits="1" missing-branches="104" number="102"/>
						<line hits="0" number="104"/>
						<line hits="1" number="106"/>
						<line hits="1" number="107"/>
						<line hits="1" number="108"/>
						<line hits="1" number="110"/>
						<line hits="1" number="113"/>
						<line hits="1" number="116"/>
						<line hits="1" number="118"/>
						<line hits="1" number="120"/>
						<line hits="1" number="128"/>
						<line hits="1" number="131"/>
						<line hits="1" number="133"/>
						<line hits="1" number="134"/>
						<line hits="1" number="136"/>
						<line hits="1" number="137"/>
						<line branch="true" condition-coverage="100% (2/2)" hits="1" number="149"/>
						<line hits="1" number="150"/>
						<line hits="1" number="156"/>
						<line hits="1" number="157"/>
						<line hits="1" number="159"/>
						<line hits="1" number="160"/>
						<line hits="0" number="163"/>
						<line hits="0" number="166"/>
						<line hits="0" number="167"/>
						<line branch="true" condition-coverage="50% (1/2)" hits="1" missing-branches="172" number="171"/>
						<line hits="0" number="172"/>
						<line branch="true" condition-coverage="100% (2/2)" hits="1" number="175"/>
						<line hits="1" number="177"/>
						<line hits="1" number="178"/>
						<line branch="true" condition-coverage="100% (2/2)" hits="1" number="179"/>
						<line hits="1" number="181"/>
						<line hits="1" number="182"/>
						<line hits="1" number="185"/>
						<line hits="1" number="187"/>
						<line hits="1" number="190"/>
						<line hits="1" number="192"/>
						<line hits="1" number="195"/>
						<line hits="1" number="197"/>
						<line hits="0" number="199"/>
						<line hits="1" number="201"/>
						<line hits="1" number="206"/>
						<line hits="1" number="208"/>
						<line hits="1" number="215"/>
						<line hits="1" number="222"/>
						<line hits="1" number="230"/>
						<line hits="1" number="234"/>
						<line hits="1" number="236"/>
						<line hits="1" number="237"/>
						<line hits="1" number="239"/>
						<line branch="true" condition-coverage="100% (2/2)" hits="1" number="240"/>
						<line hits="1" number="241"/>
						<line hits="1" number="243"/>
						<line hits="1" number="245"/>
						<line hits="1" number="255"/>
						<line hits="1" number="257"/>
						<line hits="0" number="270"/>
						<line hits="1" number="272"/>
						<line hits="1" number="273"/>
						<line branch="true" condition-coverage="50% (1/2)" hits="1" missing-branches="290" number="289"/>
						<line hits="0" number="290"/>
						<line hits="0" number="291"/>
						<line hits="1" number="293"/>
						<line hits="1" number="294"/>
						<line branch="true" condition-coverage="100% (2/2)" hits="1" number="297"/>
						<line branch="true" condition-coverage="50% (1/2)" hits="1" missing-branches="299" number="298"/>
						<line hits="0" number="299"/>
						<line hits="0" number="300"/>
						<line hits="1" number="302"/>
						<line hits="1" number="303"/>
						<line hits="1" number="305"/>
						<line hits="1" number="308"/>
						<line hits="1" number="314"/>
						<line hits="1" number="318"/>
						<line hits="1" number="320"/>
						<line hits="1" number="322"/>
						<line hits="1" number="325"/>
						<line branch="true" condition-coverage="100% (2/2)" hits="1" number="328"/>
						<line hits="1" number="329"/>
						<line hits="1" number="332"/>
						<line branch="true" condition-coverage="50% (1/2)" hits="1" missing-branches="338" number="335"/>
						<line hits="0" number="338"/>
						<line hits="0" number="344"/>
						<line hits="0" number="346"/>
						<line hits="0" number="348"/>
						<line hits="0" number="353"/>
						<line hits="0" number="355"/>
						<line hits="0" number="360"/>
						<line hits="0" number="361"/>
						<line hits="0" number="365"/>
						<line hits="1" number="368"/>
						<line branch="true" condition-coverage="50% (1/2)" hits="1" missing-branches="383" number="382"/>
						<line hits="0" number="383"/>
						<line hits="0" number="384"/>
						<line hits="1" number="388"/>
						<line hits="1" number="389"/>
						<line hits="1" number="390"/>
						<line hits="1" number="391"/>
						<line hits="1" number="394"/>
						<line hits="1" number="397"/>
						<line hits="1" number="398"/>
						<line branch="true" condition-coverage="50% (1/2)" hits="1" missing-branches="403" number="402"/>
						<line hits="0" number="403"/>
						<line branch="true" condition-coverage="100% (2/2)" hits="1" number="406"/>
						<line hits="1" number="409"/>
						<line hits="1" number="410"/>
						<line branch="true" condition-coverage="100% (2/2)" hits="1" number="412"/>
						<line hits="1" number="414"/>
						<line hits="1" number="415"/>
						<line hits="1" number="419"/>
						<line hits="1" number="422"/>
						<line hits="1" number="424"/>
						<line hits="1" number="427"/>
						<line hits="1" number="431"/>
						<line hits="1" number="450"/>
						<line hits="1" number="451"/>
						<line hits="1" number="452"/>
						<line branch="true" condition-coverage="50% (1/2)" hits="1" missing-branches="463" number="455"/>
						<line branch="true" condition-coverage="100% (2/2)" hits="1" number="456"/>
						<line hits="1" number="458"/>
						<line branch="true" condition-coverage="50% (1/2)" hits="1" missing-branches="460" number="459"/>
						<line hits="0" number="460"/>
						<line hits="1" number="463"/>
						<line branch="true" condition-coverage="50% (1/2)" hits="1" missing-branches="467" number="466"/>
						<line hits="0" number="467"/>
						<line branch="true" condition-coverage="50% (1/2)" hits="1" missing-branches="482" number="468"/>
						<line hits="1" number="469"/>
						<line branch="true" condition-coverage="100% (2/2)" hits="1" number="470"/>
						<line branch="true" condition-coverage="100% (2/2)" hits="1" number="471"/>
						<line hits="1" number="473"/>
						<line branch="true" condition-coverage="100% (2/2)" hits="1" number="474"/>
						<line hits="1" number="475"/>
						<line branch="true" condition-coverage="50% (1/2)" hits="1" missing-branches="478" number="477"/>
						<line hits="0" number="478"/>
						<line hits="0" number="482"/>
						<line branch="true" condition-coverage="50% (1/2)" hits="1" missing-branches="487" number="486"/>
						<line hits="0" number="487"/>
						<line hits="1" number="491"/>
						<line hits="1" number="494"/>
						<line branch="true" condition-coverage="100% (2/2)" hits="1" number="513"/>
						<line hits="1" number="514"/>
						<line hits="1" number="516"/>
						<line hits="1" number="518"/>
						<line hits="1" number="519"/>
						<line hits="1" number="520"/>
						<line hits="1" number="522"/>
						<line hits="1" number="523"/>
						<line hits="1" number="525"/>
						<line branch="true" condition-coverage="100% (2/2)" hits="1" number="528"/>
						<line branch="true" condition-coverage="100% (2/2)" hits="1" number="531"/>
						<line branch="true" condition-coverage="50% (1/2)" hits="1" missing-branches="534" number="533"/>
						<line hits="0" number="534"/>
						<line hits="1" number="536"/>
						<line hits="1" number="539"/>
						<line hits="1" number="557"/>
						<line branch="true" condition-coverage="100% (2/2)" hits="1" number="559"/>
						<line hits="1" number="560"/>
						<line hits="1" number="562"/>
						<line hits="1" number="563"/>
						<line hits="1" number="565"/>
						<line branch="true" condition-coverage="100% (2/2)" hits="1" number="567"/>
						<line hits="1" number="569"/>
						<line hits="1" number="572"/>
						<line hits="1" number="574"/>
						<line hits="0" number="575"/>
						<line hits="0" number="576"/>
						<line hits="1" number="580"/>
						<line hits="1" number="582"/>
						<line hits="1" number="584"/>
						<line hits="1" number="587"/>
						<line hits="1" number="591"/>
						<line hits="1" number="593"/>
						<line hits="1" number="594"/>
						<line hits="1" number="595"/>
						<line hits="1" number="596"/>
						<line hits="1" number="597"/>
						<line hits="1" number="598"/>
						<line hits="1" number="600"/>
						<line hits="1" number="601"/>
						<line hits="1" number="605"/>
						<line hits="1" number="608"/>
						<line branch="true" condition-coverage="100% (2/2)" hits="1" number="609"/>
						<line hits="1" number="610"/>
						<line hits="1" number="612"/>
						<line hits="1" number="615"/>
						<line hits="1" number="619"/>
						<line hits="1" number="621"/>
						<line hits="1" number="622"/>
						<line hits="1" number="623"/>
						<line hits="1" number="624"/>
						<line hits="1" number="625"/>
						<line hits="1" number="626"/>
						<line hits="1" number="627"/>
						<line hits="1" number="629"/>
						<line hits="1" number="630"/>
					</lines>
				</class>
			</classes>
		</package>
		<package branch-rate="0.8344" complexity="0" line-rate="0.9229" name="pyfields.tests">
			<classes>
				<class branch-rate="1" complexity="0" filename="pyfields/tests/__init__.py" line-rate="1" name="__init__.py">
					<methods/>
					<lines/>
				</class>
				<class branch-rate="0" complexity="0" filename="pyfields/tests/_test_benchmarks.py" line-rate="0" name="_test_benchmarks.py">
					<methods/>
					<lines>
						<line hits="0" number="4"/>
						<line hits="0" number="5"/>
						<line hits="0" number="6"/>
						<line hits="0" number="8"/>
						<line hits="0" number="11"/>
						<line branch="true" condition-coverage="0% (0/2)" hits="0" missing-branches="13,23" number="12"/>
						<line hits="0" number="13"/>
						<line hits="0" number="14"/>
						<line hits="0" number="15"/>
						<line hits="0" number="16"/>
						<line hits="0" number="18"/>
						<line hits="0" number="20"/>
						<line hits="0" number="21"/>
						<line branch="true" condition-coverage="0% (0/2)" hits="0" missing-branches="24,38" number="23"/>
						<line hits="0" number="24"/>
						<line hits="0" number="25"/>
						<line hits="0" number="26"/>
						<line hits="0" number="35"/>
						<line hits="0" number="36"/>
						<line hits="0" number="37"/>
						<line branch="true" condition-coverage="0% (0/2)" hits="0" missing-branches="39,47" number="38"/>
						<line hits="0" number="39"/>
						<line branch="true" condition-coverage="0% (0/2)" hits="0" missing-branches="41,42" number="40"/>
						<line hits="0" number="41"/>
						<line hits="0" number="42"/>
						<line hits="0" number="43"/>
						<line hits="0" number="45"/>
						<line branch="true" condition-coverage="0% (0/2)" hits="0" missing-branches="48,56" number="47"/>
						<line hits="0" number="48"/>
						<line branch="true" condition-coverage="0% (0/2)" hits="0" missing-branches="50,51" number="49"/>
						<line hits="0" number="50"/>
						<line hits="0" number="51"/>
						<line hits="0" number="52"/>
						<line hits="0" number="54"/>
						<line hits="0" number="56"/>
						<line hits="0" number="58"/>
						<line hits="0" number="61"/>
						<line hits="0" number="64"/>
						<line hits="0" number="67"/>
						<line branch="true" condition-coverage="0% (0/2)" hits="0" missing-branches="exit,exit" number="68"/>
						<line hits="0" number="71"/>
						<line hits="0" number="73"/>
						<line hits="0" number="75"/>
						<line hits="0" number="78"/>
						<line branch="true" condition-coverage="0% (0/2)" hits="0" missing-branches="exit,exit" number="79"/>
						<line hits="0" number="82"/>
						<line hits="0" number="84"/>
						<line hits="0" number="85"/>
						<line hits="0" number="87"/>
						<line hits="0" number="90"/>
						<line hits="0" number="91"/>
						<line hits="0" number="94"/>
						<line hits="0" number="96"/>
						<line hits="0" number="97"/>
						<line hits="0" number="99"/>
					</lines>
				</class>
				<class branch-rate="0.9444" complexity="0" filename="pyfields/tests/_test_py36.py" line-rate="0.9923" name="_test_py36.py">
					<methods/>
					<lines>
						<line hits="1" number="5"/>
						<line hits="1" number="7"/>
						<line hits="1" number="8"/>
						<line hits="1" number="11"/>
						<line hits="1" number="12"/>
						<line hits="1" number="13"/>
						<line hits="1" number="14"/>
						<line hits="1" number="16"/>
						<line hits="1" number="19"/>
						<line hits="1" number="20"/>
						<line hits="1" number="21"/>
						<line hits="1" number="22"/>
						<line hits="1" number="24"/>
						<line hits="1" number="27"/>
						<line hits="1" number="28"/>
						<line hits="1" number="29"/>
						<line hits="1" number="31"/>
						<line hits="1" number="32"/>
						<line hits="1" number="35"/>
						<line hits="1" number="39"/>
						<line hits="1" number="42"/>
						<line hits="1" number="43"/>
						<line hits="1" number="44"/>
						<line hits="1" number="45"/>
						<line hits="1" number="47"/>
						<line hits="1" number="50"/>
						<line branch="true" condition-coverage="100% (2/2)" hits="1" number="51"/>
						<line branch="true" condition-coverage="100% (2/2)" hits="1" number="52"/>
						<line hits="1" number="53"/>
						<line hits="1" number="54"/>
						<line hits="1" number="55"/>
						<line hits="1" number="57"/>
						<line hits="1" number="59"/>
						<line hits="1" number="60"/>
						<line hits="1" number="63"/>
						<line hits="1" number="65"/>
						<line hits="1" number="66"/>
						<line hits="1" number="67"/>
						<line hits="1" number="69"/>
						<line hits="1" number="71"/>
						<line hits="1" number="72"/>
						<line hits="1" number="75"/>
						<line branch="true" condition-coverage="100% (2/2)" hits="1" number="76"/>
						<line branch="true" condition-coverage="100% (2/2)" hits="1" number="77"/>
						<line hits="1" number="78"/>
						<line hits="1" number="79"/>
						<line hits="1" number="80"/>
						<line hits="1" number="81"/>
						<line hits="1" number="83"/>
						<line hits="1" number="84"/>
						<line hits="1" number="85"/>
						<line hits="1" number="86"/>
						<line branch="true" condition-coverage="50% (1/2)" hits="1" missing-branches="108" number="87"/>
						<line branch="true" condition-coverage="100% (2/2)" hits="1" number="88"/>
						<line hits="1" number="89"/>
						<line hits="1" number="90"/>
						<line hits="1" number="91"/>
						<line hits="1" number="93"/>
						<line hits="1" number="94"/>
						<line hits="1" number="95"/>
						<line hits="1" number="96"/>
						<line hits="1" number="98"/>
						<line hits="1" number="99"/>
						<line hits="1" number="100"/>
						<line hits="1" number="102"/>
						<line hits="1" number="103"/>
						<line hits="1" number="104"/>
						<line hits="1" number="106"/>
						<line hits="0" number="108"/>
						<line hits="1" number="110"/>
						<line hits="1" number="113"/>
						<line branch="true" condition-coverage="100% (2/2)" hits="1" number="114"/>
						<line hits="1" number="115"/>
						<line hits="1" number="117"/>
						<line branch="true" condition-coverage="100% (2/2)" hits="1" number="119"/>
						<line hits="1" number="121"/>
						<line hits="1" number="122"/>
						<line hits="1" number="124"/>
						<line hits="1" number="125"/>
						<line hits="1" number="126"/>
						<line branch="true" condition-coverage="50% (1/2)" hits="1" missing-branches="exit" number="127"/>
						<line hits="1" number="128"/>
						<line hits="1" number="130"/>
						<line hits="1" number="131"/>
						<line hits="1" number="133"/>
						<line hits="1" number="134"/>
						<line hits="1" number="136"/>
						<line hits="1" number="139"/>
						<line branch="true" condition-coverage="100% (2/2)" hits="1" number="141"/>
						<line hits="1" number="143"/>
						<line branch="true" condition-coverage="100% (2/2)" hits="1" number="145"/>
						<line hits="1" number="147"/>
						<line hits="1" number="148"/>
						<line branch="true" condition-coverage="100% (2/2)" hits="1" number="150"/>
						<line hits="1" number="152"/>
						<line hits="1" number="153"/>
						<line hits="1" number="154"/>
						<line hits="1" number="155"/>
						<line hits="1" number="157"/>
						<line hits="1" number="160"/>
						<line hits="1" number="161"/>
						<line hits="1" number="163"/>
						<line branch="true" condition-coverage="100% (2/2)" hits="1" number="164"/>
						<line branch="true" condition-coverage="100% (2/2)" hits="1" number="166"/>
						<line hits="1" number="168"/>
						<line hits="1" number="169"/>
						<line hits="1" number="171"/>
						<line hits="1" number="174"/>
						<line branch="true" condition-coverage="100% (2/2)" hits="1" number="175"/>
						<line hits="1" number="177"/>
						<line hits="1" number="178"/>
						<line hits="1" number="180"/>
						<line hits="1" number="183"/>
						<line branch="true" condition-coverage="100% (2/2)" hits="1" number="184"/>
						<line hits="1" number="186"/>
						<line hits="1" number="187"/>
						<line hits="1" number="188"/>
						<line hits="1" number="190"/>
						<line hits="1" number="193"/>
						<line branch="true" condition-coverage="100% (2/2)" hits="1" number="194"/>
						<line hits="1" number="196"/>
						<line hits="1" number="197"/>
						<line hits="1" number="198"/>
						<line hits="1" number="200"/>
						<line hits="1" number="203"/>
						<line branch="true" condition-coverage="100% (2/2)" hits="1" number="205"/>
						<line hits="1" number="207"/>
						<line hits="1" number="208"/>
						<line hits="1" number="209"/>
						<line hits="1" number="211"/>
					</lines>
				</class>
				<class branch-rate="0.9231" complexity="0" filename="pyfields/tests/test_autofields.py" line-rate="0.958" name="test_autofields.py">
					<methods/>
					<lines>
						<line hits="1" number="4"/>
						<line hits="1" number="6"/>
						<line hits="1" number="8"/>
						<line hits="1" number="9"/>
						<line hits="1" number="12"/>
						<line branch="true" condition-coverage="100% (2/2)" hits="1" number="16"/>
						<line branch="true" condition-coverage="50% (1/2)" hits="1" missing-branches="18" number="17"/>
						<line hits="0" number="18"/>
						<line hits="1" number="20"/>
						<line hits="1" number="21"/>
						<line hits="1" number="24"/>
						<line hits="1" number="25"/>
						<line hits="1" number="26"/>
						<line hits="1" number="27"/>
						<line branch="true" condition-coverage="100% (2/2)" hits="1" number="29"/>
						<line branch="true" condition-coverage="100% (2/2)" hits="1" number="30"/>
						<line hits="1" number="31"/>
						<line hits="1" number="32"/>
						<line hits="1" number="34"/>
						<line hits="1" number="36"/>
						<line hits="1" number="37"/>
						<line hits="1" number="38"/>
						<line hits="1" number="39"/>
						<line branch="true" condition-coverage="100% (2/2)" hits="1" number="44"/>
						<line hits="1" number="45"/>
						<line hits="1" number="46"/>
						<line hits="1" number="47"/>
						<line hits="1" number="49"/>
						<line hits="1" number="50"/>
						<line hits="1" number="51"/>
						<line branch="true" condition-coverage="50% (1/2)" hits="1" missing-branches="exit" number="52"/>
						<line hits="1" number="53"/>
						<line hits="1" number="55"/>
						<line hits="1" number="56"/>
						<line hits="1" number="58"/>
						<line hits="1" number="59"/>
						<line hits="1" number="62"/>
						<line hits="1" number="63"/>
						<line hits="1" number="64"/>
						<line hits="1" number="65"/>
						<line branch="true" condition-coverage="100% (2/2)" hits="1" number="67"/>
						<line hits="1" number="68"/>
						<line hits="1" number="69"/>
						<line hits="1" number="70"/>
						<line hits="1" number="71"/>
						<line hits="1" number="74"/>
						<line branch="true" condition-coverage="100% (2/2)" hits="1" number="77"/>
						<line hits="1" number="78"/>
						<line hits="1" number="79"/>
						<line hits="1" number="80"/>
						<line hits="0" number="82"/>
						<line hits="1" number="84"/>
						<line hits="1" number="85"/>
						<line hits="0" number="86"/>
						<line hits="1" number="88"/>
						<line hits="1" number="89"/>
						<line hits="0" number="90"/>
						<line hits="1" number="91"/>
						<line hits="0" number="92"/>
						<line hits="1" number="94"/>
						<line hits="1" number="95"/>
						<line hits="1" number="97"/>
						<line hits="1" number="98"/>
						<line hits="1" number="99"/>
						<line hits="1" number="102"/>
						<line hits="1" number="105"/>
						<line hits="1" number="106"/>
						<line hits="1" number="107"/>
						<line hits="1" number="108"/>
						<line hits="1" number="109"/>
						<line hits="1" number="112"/>
						<line hits="1" number="115"/>
						<line hits="1" number="116"/>
						<line branch="true" condition-coverage="100% (2/2)" hits="1" number="117"/>
						<line hits="1" number="120"/>
						<line branch="true" condition-coverage="100% (2/2)" hits="1" number="123"/>
						<line hits="1" number="124"/>
						<line hits="1" number="125"/>
						<line hits="1" number="126"/>
						<line branch="true" condition-coverage="100% (2/2)" hits="1" number="128"/>
						<line hits="1" number="131"/>
						<line branch="true" condition-coverage="100% (2/2)" hits="1" number="134"/>
						<line hits="1" number="135"/>
						<line hits="1" number="136"/>
						<line hits="1" number="137"/>
						<line hits="1" number="139"/>
						<line hits="1" number="142"/>
						<line hits="1" number="143"/>
						<line hits="1" number="146"/>
						<line hits="1" number="148"/>
						<line hits="1" number="149"/>
						<line hits="1" number="150"/>
						<line hits="1" number="152"/>
						<line hits="1" number="153"/>
						<line hits="1" number="154"/>
						<line hits="1" number="156"/>
						<line hits="1" number="159"/>
						<line hits="1" number="160"/>
						<line hits="1" number="161"/>
						<line hits="1" number="162"/>
						<line hits="1" number="163"/>
						<line hits="1" number="166"/>
						<line hits="1" number="167"/>
						<line hits="1" number="169"/>
						<line hits="1" number="170"/>
						<line hits="1" number="171"/>
						<line hits="1" number="172"/>
						<line hits="1" number="175"/>
						<line hits="1" number="176"/>
						<line hits="1" number="177"/>
						<line branch="true" condition-coverage="100% (2/2)" hits="1" number="180"/>
						<line hits="1" number="181"/>
						<line hits="1" number="182"/>
						<line hits="1" number="184"/>
						<line hits="1" number="185"/>
						<line hits="1" number="186"/>
						<line hits="1" number="187"/>
						<line hits="1" number="190"/>
						<line hits="1" number="191"/>
					</lines>
				</class>
				<class branch-rate="0.8409" complexity="0" filename="pyfields/tests/test_core.py" line-rate="0.9367" name="test_core.py">
					<methods/>
					<lines>
						<line hits="1" number="7"/>
						<line hits="1" number="8"/>
						<line hits="1" number="9"/>
						<line hits="1" number="11"/>
						<line hits="1" number="13"/>
						<line hits="1" number="14"/>
						<line hits="1" number="15"/>
						<line hits="1" number="17"/>
						<line hits="1" number="21"/>
						<line hits="1" number="22"/>
						<line hits="1" number="23"/>
						<line branch="true" condition-coverage="100% (2/2)" hits="1" number="27"/>
						<line hits="1" number="28"/>
						<line branch="true" condition-coverage="100% (2/2)" hits="1" number="29"/>
						<line branch="true" condition-coverage="100% (2/2)" hits="1" number="30"/>
						<line hits="1" number="31"/>
						<line hits="1" number="32"/>
						<line branch="true" condition-coverage="50% (1/2)" hits="1" missing-branches="37" number="33"/>
						<line hits="1" number="34"/>
						<line hits="1" number="35"/>
						<line hits="0" number="37"/>
						<line hits="1" number="40"/>
						<line hits="1" number="42"/>
						<line branch="true" condition-coverage="100% (2/2)" hits="1" number="45"/>
						<line hits="1" number="46"/>
						<line hits="1" number="47"/>
						<line branch="true" condition-coverage="100% (2/2)" hits="1" number="50"/>
						<line hits="1" number="52"/>
						<line hits="1" number="53"/>
						<line hits="1" number="56"/>
						<line hits="1" number="57"/>
						<line branch="true" condition-coverage="100% (2/2)" hits="1" number="60"/>
						<line hits="1" number="61"/>
						<line hits="1" number="62"/>
						<line branch="true" condition-coverage="100% (2/2)" hits="1" number="63"/>
						<line hits="1" number="64"/>
						<line hits="1" number="65"/>
						<line hits="1" number="66"/>
						<line branch="true" condition-coverage="100% (2/2)" hits="1" number="69"/>
						<line hits="1" number="71"/>
						<line hits="1" number="73"/>
						<line hits="1" number="74"/>
						<line hits="1" number="75"/>
						<line hits="1" number="76"/>
						<line hits="1" number="80"/>
						<line hits="1" number="82"/>
						<line hits="1" number="83"/>
						<line hits="1" number="84"/>
						<line branch="true" condition-coverage="50% (1/2)" hits="1" missing-branches="88" number="86"/>
						<line hits="0" number="88"/>
						<line hits="1" number="90"/>
						<line hits="1" number="92"/>
						<line branch="true" condition-coverage="50% (1/2)" hits="1" missing-branches="99" number="94"/>
						<line hits="1" number="96"/>
						<line hits="0" number="99"/>
						<line hits="1" number="101"/>
						<line branch="true" condition-coverage="50% (1/2)" hits="1" missing-branches="105" number="103"/>
						<line hits="0" number="105"/>
						<line hits="0" number="106"/>
						<line hits="0" number="107"/>
						<line hits="0" number="108"/>
						<line hits="1" number="110"/>
						<line hits="1" number="111"/>
						<line hits="1" number="113"/>
						<line hits="1" number="116"/>
						<line hits="1" number="117"/>
						<line hits="1" number="118"/>
						<line hits="1" number="119"/>
						<line branch="true" condition-coverage="50% (1/2)" hits="1" missing-branches="124" number="121"/>
						<line hits="1" number="122"/>
						<line hits="0" number="124"/>
						<line hits="1" number="126"/>
						<line hits="1" number="129"/>
						<line hits="1" number="131"/>
						<line hits="1" number="132"/>
						<line hits="1" number="133"/>
						<line hits="1" number="134"/>
						<line hits="1" number="136"/>
						<line hits="1" number="138"/>
						<line hits="1" number="140"/>
						<line hits="1" number="142"/>
						<line hits="1" number="143"/>
						<line hits="1" number="144"/>
						<line hits="1" number="145"/>
						<line hits="1" number="146"/>
						<line hits="1" number="147"/>
						<line hits="1" number="148"/>
						<line hits="1" number="150"/>
						<line hits="1" number="151"/>
						<line hits="1" number="152"/>
						<line hits="1" number="154"/>
						<line hits="1" number="155"/>
						<line hits="1" number="156"/>
						<line hits="1" number="157"/>
						<line hits="1" number="158"/>
						<line hits="1" number="160"/>
						<line hits="1" number="163"/>
						<line hits="1" number="166"/>
						<line hits="1" number="167"/>
						<line hits="1" number="169"/>
						<line hits="1" number="170"/>
						<line hits="1" number="171"/>
						<line hits="1" number="172"/>
						<line branch="true" condition-coverage="50% (1/2)" hits="1" missing-branches="175" number="174"/>
						<line hits="0" number="175"/>
						<line hits="1" number="177"/>
						<line hits="1" number="178"/>
						<line hits="1" number="183"/>
						<line hits="1" number="186"/>
						<line hits="1" number="187"/>
						<line hits="1" number="189"/>
						<line hits="1" number="190"/>
						<line hits="1" number="191"/>
						<line hits="1" number="192"/>
						<line hits="1" number="193"/>
						<line hits="1" number="196"/>
						<line branch="true" condition-coverage="50% (1/2)" hits="1" missing-branches="198" number="197"/>
						<line hits="0" number="198"/>
						<line hits="1" number="200"/>
						<line hits="1" number="201"/>
						<line hits="1" number="206"/>
						<line hits="1" number="207"/>
						<line hits="1" number="208"/>
						<line hits="1" number="213"/>
						<line hits="1" number="217"/>
						<line hits="1" number="219"/>
						<line hits="1" number="220"/>
						<line hits="1" number="222"/>
						<line hits="1" number="223"/>
						<line hits="1" number="224"/>
						<line hits="1" number="225"/>
						<line hits="1" number="226"/>
						<line branch="true" condition-coverage="50% (1/2)" hits="1" missing-branches="229" number="228"/>
						<line hits="0" number="229"/>
						<line hits="1" number="231"/>
						<line hits="1" number="232"/>
						<line hits="1" number="237"/>
						<line hits="1" number="240"/>
						<line hits="1" number="241"/>
						<line hits="1" number="244"/>
						<line hits="1" number="247"/>
						<line hits="1" number="248"/>
						<line hits="1" number="249"/>
						<line hits="1" number="250"/>
						<line hits="1" number="253"/>
						<line hits="1" number="256"/>
						<line hits="1" number="263"/>
						<line hits="1" number="265"/>
						<line hits="1" number="267"/>
						<line hits="1" number="269"/>
						<line hits="1" number="272"/>
						<line branch="true" condition-coverage="100% (2/2)" hits="1" number="275"/>
						<line branch="true" condition-coverage="100% (2/2)" hits="1" number="278"/>
						<line branch="true" condition-coverage="50% (1/2)" hits="1" missing-branches="284" number="282"/>
						<line hits="0" number="284"/>
						<line hits="1" number="286"/>
						<line hits="1" number="289"/>
						<line branch="true" condition-coverage="100% (2/2)" hits="1" number="291"/>
						<line hits="1" number="292"/>
						<line hits="1" number="293"/>
						<line hits="1" number="294"/>
						<line hits="1" number="295"/>
						<line hits="1" number="296"/>
						<line hits="1" number="297"/>
						<line branch="true" condition-coverage="100% (2/2)" hits="1" number="300"/>
						<line hits="1" number="301"/>
						<line hits="1" number="302"/>
						<line hits="1" number="303"/>
						<line hits="1" number="304"/>
						<line hits="1" number="305"/>
						<line hits="1" number="306"/>
						<line branch="true" condition-coverage="100% (2/2)" hits="1" number="309"/>
						<line hits="1" number="310"/>
						<line hits="1" number="311"/>
						<line hits="1" number="312"/>
						<line hits="1" number="313"/>
						<line hits="1" number="314"/>
						<line hits="1" number="315"/>
						<line hits="1" number="316"/>
						<line branch="true" condition-coverage="50% (1/2)" hits="1" missing-branches="exit" number="319"/>
						<line branch="true" condition-coverage="100% (2/2)" hits="1" number="320"/>
						<line branch="true" condition-coverage="100% (2/2)" hits="1" number="323"/>
						<line hits="1" number="331"/>
						<line hits="1" number="332"/>
						<line hits="1" number="333"/>
						<line hits="1" number="334"/>
						<line hits="1" number="335"/>
						<line hits="1" number="339"/>
						<line hits="1" number="340"/>
						<line hits="1" number="341"/>
						<line hits="1" number="342"/>
						<line hits="1" number="343"/>
						<line hits="1" number="346"/>
						<line hits="1" number="347"/>
						<line hits="1" number="348"/>
						<line hits="1" number="349"/>
						<line hits="1" number="350"/>
						<line hits="1" number="352"/>
						<line hits="1" number="355"/>
						<line branch="true" condition-coverage="100% (2/2)" hits="1" number="359"/>
						<line hits="1" number="360"/>
						<line hits="1" number="362"/>
						<line branch="true" condition-coverage="50% (1/2)" hits="1" missing-branches="364" number="363"/>
						<line hits="0" number="364"/>
						<line hits="0" number="365"/>
						<line hits="0" number="366"/>
						<line hits="0" number="367"/>
						<line hits="0" number="369"/>
						<line hits="0" number="370"/>
						<line hits="1" number="372"/>
						<line hits="1" number="373"/>
						<line hits="1" number="375"/>
						<line hits="1" number="377"/>
						<line hits="1" number="379"/>
						<line hits="1" number="381"/>
						<line hits="1" number="383"/>
						<line hits="1" number="384"/>
						<line hits="1" number="385"/>
						<line hits="1" number="386"/>
						<line hits="1" number="387"/>
						<line hits="1" number="388"/>
						<line hits="1" number="392"/>
						<line hits="1" number="396"/>
						<line hits="1" number="397"/>
						<line hits="1" number="398"/>
						<line hits="1" number="399"/>
						<line hits="1" number="400"/>
						<line hits="1" number="407"/>
						<line hits="1" number="409"/>
						<line hits="1" number="410"/>
						<line branch="true" condition-coverage="50% (1/2)" hits="1" missing-branches="exit" number="411"/>
						<line hits="1" number="414"/>
						<line branch="true" condition-coverage="100% (2/2)" hits="1" number="418"/>
						<line hits="1" number="419"/>
						<line hits="1" number="421"/>
						<line branch="true" condition-coverage="50% (1/2)" hits="1" missing-branches="423" number="422"/>
						<line hits="0" number="423"/>
						<line hits="0" number="424"/>
						<line hits="0" number="425"/>
						<line hits="0" number="426"/>
[...]
						<line hits="1" number="233"/>
						<line hits="1" number="234"/>
						<line hits="1" number="235"/>
						<line hits="1" number="236"/>
						<line hits="1" number="237"/>
						<line hits="1" number="240"/>
						<line hits="1" number="242"/>
						<line hits="1" number="243"/>
						<line hits="1" number="244"/>
						<line hits="1" number="246"/>
						<line hits="1" number="247"/>
						<line hits="1" number="248"/>
						<line hits="1" number="249"/>
						<line hits="1" number="251"/>
						<line branch="true" condition-coverage="100% (2/2)" hits="1" number="253"/>
						<line branch="true" condition-coverage="100% (2/2)" hits="1" number="255"/>
						<line branch="true" condition-coverage="100% (2/2)" hits="1" number="257"/>
						<line hits="1" number="261"/>
						<line hits="1" number="262"/>
						<line hits="1" number="263"/>
						<line hits="1" number="266"/>
						<line hits="1" number="267"/>
						<line hits="1" number="268"/>
						<line hits="1" number="270"/>
						<line hits="1" number="271"/>
						<line hits="1" number="274"/>
						<line hits="1" number="275"/>
						<line hits="1" number="276"/>
						<line hits="1" number="287"/>
						<line hits="1" number="288"/>
						<line hits="1" number="289"/>
						<line hits="1" number="290"/>
						<line hits="1" number="291"/>
						<line hits="1" number="294"/>
						<line hits="1" number="295"/>
						<line hits="1" number="296"/>
						<line hits="1" number="297"/>
						<line hits="1" number="299"/>
						<line hits="1" number="300"/>
						<line hits="1" number="302"/>
						<line hits="1" number="303"/>
						<line hits="1" number="306"/>
						<line hits="1" number="307"/>
						<line hits="1" number="308"/>
						<line hits="1" number="309"/>
						<line hits="1" number="312"/>
						<line hits="1" number="314"/>
						<line hits="1" number="315"/>
						<line hits="1" number="316"/>
						<line hits="1" number="319"/>
						<line hits="1" number="320"/>
						<line hits="1" number="321"/>
						<line hits="1" number="322"/>
						<line hits="1" number="324"/>
						<line hits="1" number="325"/>
						<line hits="1" number="326"/>
						<line hits="1" number="328"/>
						<line hits="1" number="329"/>
						<line hits="1" number="331"/>
						<line hits="1" number="332"/>
						<line hits="1" number="335"/>
						<line hits="1" number="336"/>
						<line hits="1" number="337"/>
						<line hits="1" number="338"/>
						<line hits="1" number="340"/>
						<line hits="1" number="346"/>
						<line hits="1" number="347"/>
						<line hits="1" number="350"/>
						<line hits="1" number="352"/>
						<line hits="1" number="353"/>
						<line hits="1" number="356"/>
						<line hits="1" number="357"/>
						<line hits="1" number="358"/>
						<line hits="1" number="359"/>
						<line hits="1" number="361"/>
						<line hits="1" number="362"/>
						<line hits="1" number="368"/>
						<line hits="1" number="369"/>
						<line hits="1" number="372"/>
						<line hits="1" number="373"/>
						<line hits="1" number="374"/>
						<line hits="1" number="375"/>
						<line hits="1" number="377"/>
						<line hits="1" number="378"/>
						<line hits="1" number="380"/>
						<line hits="1" number="381"/>
						<line hits="1" number="384"/>
						<line hits="1" number="385"/>
						<line hits="1" number="386"/>
						<line hits="1" number="394"/>
						<line hits="1" number="395"/>
						<line hits="1" number="399"/>
						<line hits="1" number="400"/>
						<line hits="1" number="402"/>
						<line hits="1" number="403"/>
						<line hits="1" number="405"/>
						<line hits="1" number="406"/>
						<line hits="1" number="407"/>
						<line hits="1" number="410"/>
						<line hits="1" number="411"/>
						<line hits="1" number="412"/>
						<line hits="1" number="415"/>
						<line hits="1" number="416"/>
						<line hits="1" number="417"/>
						<line hits="1" number="418"/>
						<line hits="1" number="421"/>
						<line hits="1" number="422"/>
						<line hits="0" number="426"/>
						<line hits="1" number="429"/>
						<line hits="1" number="431"/>
						<line hits="1" number="434"/>
						<line hits="1" number="435"/>
						<line hits="1" number="437"/>
						<line hits="1" number="438"/>
						<line hits="1" number="439"/>
						<line hits="1" number="440"/>
						<line hits="1" number="441"/>
						<line hits="1" number="444"/>
						<line branch="true" condition-coverage="100% (2/2)" hits="1" number="446"/>
						<line hits="1" number="447"/>
						<line hits="1" number="448"/>
						<line hits="1" number="449"/>
						<line hits="1" number="451"/>
						<line branch="true" condition-coverage="100% (2/2)" hits="1" number="453"/>
						<line hits="1" number="455"/>
						<line hits="1" number="456"/>
						<line hits="1" number="458"/>
						<line hits="1" number="459"/>
						<line hits="1" number="460"/>
						<line hits="1" number="461"/>
						<line hits="1" number="464"/>
						<line hits="1" number="466"/>
						<line hits="1" number="467"/>
						<line hits="1" number="471"/>
						<line hits="1" number="473"/>
						<line hits="1" number="474"/>
						<line hits="1" number="476"/>
						<line hits="1" number="477"/>
						<line hits="1" number="480"/>
						<line hits="1" number="482"/>
						<line hits="1" number="483"/>
						<line hits="1" number="487"/>
						<line hits="1" number="489"/>
						<line hits="1" number="490"/>
						<line hits="1" number="492"/>
						<line hits="1" number="493"/>
						<line hits="1" number="496"/>
						<line hits="1" number="497"/>
					</lines>
				</class>
				<class branch-rate="0.9444" complexity="0" filename="pyfields/tests/test_so.py" line-rate="1" name="test_so.py">
					<methods/>
					<lines>
						<line hits="1" number="5"/>
						<line hits="1" number="7"/>
						<line hits="1" number="8"/>
						<line hits="1" number="11"/>
						<line hits="1" number="14"/>
						<line hits="1" number="16"/>
						<line hits="1" number="17"/>
						<line hits="1" number="18"/>
						<line hits="1" number="19"/>
						<line hits="1" number="20"/>
						<line hits="1" number="22"/>
						<line hits="1" number="24"/>
						<line hits="1" number="26"/>
						<line hits="1" number="27"/>
						<line hits="1" number="29"/>
						<line hits="1" number="30"/>
						<line hits="1" number="31"/>
						<line hits="1" number="33"/>
						<line hits="1" number="36"/>
						<line hits="1" number="39"/>
						<line hits="1" number="41"/>
						<line hits="1" number="42"/>
						<line hits="1" number="43"/>
						<line hits="1" number="44"/>
						<line hits="1" number="45"/>
						<line hits="1" number="46"/>
						<line hits="1" number="48"/>
						<line hits="1" number="50"/>
						<line hits="1" number="52"/>
						<line hits="1" number="53"/>
						<line hits="1" number="54"/>
						<line hits="1" number="55"/>
						<line hits="1" number="56"/>
						<line hits="1" number="57"/>
						<line hits="1" number="58"/>
						<line hits="1" number="61"/>
						<line hits="1" number="64"/>
						<line hits="1" number="66"/>
						<line branch="true" condition-coverage="100% (2/2)" hits="1" number="67"/>
						<line branch="true" condition-coverage="100% (2/2)" hits="1" number="68"/>
						<line hits="1" number="70"/>
						<line hits="1" number="71"/>
						<line hits="1" number="72"/>
						<line hits="1" number="73"/>
						<line hits="1" number="74"/>
						<line hits="1" number="75"/>
						<line hits="1" number="80"/>
						<line hits="1" number="83"/>
						<line hits="1" number="85"/>
						<line branch="true" condition-coverage="100% (2/2)" hits="1" number="86"/>
						<line branch="true" condition-coverage="50% (1/2)" hits="1" missing-branches="exit" number="87"/>
						<line hits="1" number="89"/>
						<line hits="1" number="90"/>
						<line hits="1" number="91"/>
						<line hits="1" number="92"/>
						<line hits="1" number="93"/>
						<line hits="1" number="98"/>
						<line hits="1" number="101"/>
						<line hits="1" number="102"/>
						<line hits="1" number="104"/>
						<line hits="1" number="106"/>
						<line hits="1" number="108"/>
						<line branch="true" condition-coverage="100% (2/2)" hits="1" number="109"/>
						<line branch="true" condition-coverage="100% (2/2)" hits="1" number="110"/>
						<line hits="1" number="112"/>
						<line hits="1" number="113"/>
						<line hits="1" number="114"/>
						<line hits="1" number="116"/>
						<line hits="1" number="117"/>
						<line hits="1" number="119"/>
						<line hits="1" number="121"/>
						<line hits="1" number="122"/>
						<line hits="1" number="123"/>
						<line hits="1" number="127"/>
						<line hits="1" number="128"/>
						<line hits="1" number="129"/>
						<line hits="1" number="134"/>
						<line hits="1" number="137"/>
						<line hits="1" number="138"/>
						<line hits="1" number="140"/>
						<line hits="1" number="141"/>
						<line hits="1" number="142"/>
						<line hits="1" number="143"/>
						<line hits="1" number="144"/>
						<line hits="1" number="145"/>
						<line hits="1" number="146"/>
						<line hits="1" number="148"/>
						<line hits="1" number="150"/>
						<line hits="1" number="151"/>
						<line hits="1" number="152"/>
						<line hits="1" number="153"/>
						<line hits="1" number="154"/>
						<line hits="1" number="155"/>
						<line hits="1" number="157"/>
						<line hits="1" number="159"/>
						<line hits="1" number="161"/>
						<line hits="1" number="163"/>
						<line hits="1" number="164"/>
						<line hits="1" number="166"/>
						<line hits="1" number="167"/>
						<line hits="1" number="170"/>
						<line hits="1" number="172"/>
						<line hits="1" number="174"/>
						<line branch="true" condition-coverage="100% (2/2)" hits="1" number="175"/>
						<line branch="true" condition-coverage="100% (2/2)" hits="1" number="176"/>
						<line hits="1" number="178"/>
						<line hits="1" number="179"/>
						<line hits="1" number="180"/>
						<line hits="1" number="182"/>
						<line hits="1" number="183"/>
						<line hits="1" number="184"/>
						<line hits="1" number="185"/>
						<line hits="1" number="186"/>
						<line hits="1" number="189"/>
						<line hits="1" number="190"/>
						<line hits="1" number="193"/>
						<line hits="1" number="196"/>
						<line hits="1" number="198"/>
						<line branch="true" condition-coverage="100% (2/2)" hits="1" number="199"/>
						<line hits="1" number="201"/>
						<line hits="1" number="202"/>
						<line hits="1" number="203"/>
						<line hits="1" number="204"/>
						<line hits="1" number="205"/>
						<line hits="1" number="206"/>
						<line hits="1" number="207"/>
					</lines>
				</class>
			</classes>
		</package>
		<package branch-rate="0.8947" complexity="0" line-rate="0.9724" name="pyfields.tests.issues">
			<classes>
				<class branch-rate="1" complexity="0" filename="pyfields/tests/issues/__init__.py" line-rate="1" name="__init__.py">
					<methods/>
					<lines/>
				</class>
				<class branch-rate="1" complexity="0" filename="pyfields/tests/issues/_test_py36.py" line-rate="0.9667" name="_test_py36.py">
					<methods/>
					<lines>
						<line hits="1" number="5"/>
						<line hits="1" number="8"/>
						<line hits="1" number="9"/>
						<line hits="1" number="10"/>
						<line hits="1" number="12"/>
						<line hits="1" number="14"/>
						<line hits="1" number="16"/>
						<line hits="1" number="19"/>
						<line branch="true" condition-coverage="100% (2/2)" hits="1" number="20"/>
						<line hits="1" number="22"/>
						<line hits="1" number="24"/>
						<line hits="0" number="26"/>
						<line hits="1" number="28"/>
						<line hits="1" number="31"/>
						<line hits="1" number="32"/>
						<line hits="1" number="33"/>
						<line hits="1" number="34"/>
						<line hits="1" number="37"/>
						<line hits="1" number="38"/>
						<line hits="1" number="40"/>
						<line hits="1" number="41"/>
						<line hits="1" number="44"/>
						<line hits="1" number="47"/>
						<line hits="1" number="50"/>
						<line branch="true" condition-coverage="100% (2/2)" hits="1" number="54"/>
						<line hits="1" number="56"/>
						<line branch="true" condition-coverage="100% (2/2)" hits="1" number="58"/>
						<line hits="1" number="59"/>
						<line hits="1" number="60"/>
						<line hits="1" number="62"/>
					</lines>
				</class>
				<class branch-rate="1" complexity="0" filename="pyfields/tests/issues/_test_py36_pep563.py" line-rate="1" name="_test_py36_pep563.py">
					<methods/>
					<lines>
						<line hits="1" number="1"/>
						<line hits="1" number="2"/>
						<line hits="1" number="5"/>
						<line hits="1" number="6"/>
						<line hits="1" number="7"/>
						<line hits="1" number="8"/>
						<line hits="1" number="11"/>
						<line hits="1" number="12"/>
						<line hits="1" number="14"/>
						<line hits="1" number="15"/>
						<line hits="1" number="18"/>
						<line hits="1" number="21"/>
					</lines>
				</class>
				<class branch-rate="1" complexity="0" filename="pyfields/tests/issues/test_issue_12.py" line-rate="1" name="test_issue_12.py">
					<methods/>
					<lines>
						<line hits="1" number="1"/>
						<line hits="1" number="3"/>
						<line hits="1" number="4"/>
						<line hits="1" number="7"/>
						<line hits="1" number="9"/>
						<line hits="1" number="10"/>
						<line hits="1" number="12"/>
						<line hits="1" number="13"/>
						<line hits="1" number="14"/>
						<line hits="1" number="16"/>
						<line hits="1" number="17"/>
						<line hits="1" number="19"/>
					</lines>
				</class>
				<class branch-rate="1" complexity="0" filename="pyfields/tests/issues/test_issue_51.py" line-rate="1" name="test_issue_51.py">
					<methods/>
					<lines>
						<line hits="1" number="4"/>
						<line hits="1" number="6"/>
						<line hits="1" number="9"/>
						<line hits="1" number="11"/>
						<line hits="1" number="12"/>
						<line hits="1" number="13"/>
					</lines>
				</class>
				<class branch-rate="1" complexity="0" filename="pyfields/tests/issues/test_issue_53.py" line-rate="1" name="test_issue_53.py">
					<methods/>
					<lines>
						<line hits="1" number="5"/>
						<line hits="1" number="8"/>
						<line hits="1" number="10"/>
						<line hits="1" number="11"/>
						<line hits="1" number="13"/>
						<line hits="1" number="15"/>
						<line hits="1" number="17"/>
						<line hits="1" number="18"/>
						<line hits="1" number="20"/>
						<line hits="1" number="22"/>
						<line hits="1" number="25"/>
					</lines>
				</class>
				<class branch-rate="1" complexity="0" filename="pyfields/tests/issues/test_issue_67.py" line-rate="1" name="test_issue_67.py">
					<methods/>
					<lines>
						<line hits="1" number="4"/>
						<line hits="1" number="6"/>
						<line hits="1" number="8"/>
						<line hits="1" number="11"/>
						<line hits="1" number="13"/>
						<line hits="1" number="14"/>
						<line hits="1" number="16"/>
						<line hits="1" number="17"/>
					</lines>
				</class>
				<class branch-rate="0.875" complexity="0" filename="pyfields/tests/issues/test_issue_73.py" line-rate="0.9565" name="test_issue_73.py">
					<methods/>
					<lines>
						<line hits="1" number="1"/>
						<line hits="1" number="3"/>
						<line hits="1" number="4"/>
						<line hits="1" number="7"/>
						<line hits="1" number="8"/>
						<line hits="1" number="9"/>
						<line branch="true" condition-coverage="100% (2/2)" hits="1" number="12"/>
						<line hits="1" number="14"/>
						<line hits="1" number="15"/>
						<line branch="true" condition-coverage="50% (1/2)" hits="1" missing-branches="19" number="18"/>
						<line hits="0" number="19"/>
						<line hits="1" number="20"/>
						<line hits="1" number="21"/>
						<line branch="true" condition-coverage="100% (2/2)" hits="1" number="23"/>
						<line hits="1" number="25"/>
						<line hits="1" number="28"/>
						<line hits="1" number="29"/>
						<line hits="1" number="30"/>
						<line hits="1" number="32"/>
						<line hits="1" number="33"/>
						<line branch="true" condition-coverage="100% (2/2)" hits="1" number="35"/>
						<line hits="1" number="37"/>
						<line hits="1" number="40"/>
						<line hits="1" number="41"/>
						<line hits="1" number="42"/>
						<line branch="true" condition-coverage="100% (2/2)" hits="1" number="44"/>
						<line hits="1" number="46"/>
						<line hits="1" number="47"/>
						<line branch="true" condition-coverage="50% (1/2)" hits="1" missing-branches="51" number="50"/>
						<line hits="0" number="51"/>
						<line hits="1" number="52"/>
						<line hits="1" number="53"/>
						<line branch="true" condition-coverage="100% (2/2)" hits="1" number="55"/>
						<line hits="1" number="57"/>
						<line hits="1" number="58"/>
						<line hits="1" number="61"/>
						<line hits="1" number="62"/>
						<line hits="1" number="63"/>
						<line hits="1" number="65"/>
						<line hits="1" number="66"/>
						<line hits="1" number="67"/>
						<line hits="1" number="68"/>
						<line hits="1" number="69"/>
						<line branch="true" condition-coverage="100% (2/2)" hits="1" number="71"/>
						<line hits="1" number="73"/>
						<line hits="1" number="74"/>
					</lines>
				</class>
				<class branch-rate="1" complexity="0" filename="pyfields/tests/issues/test_issue_81.py" line-rate="1" name="test_issue_81.py">
					<methods/>
					<lines>
						<line hits="1" number="5"/>
						<line hits="1" number="6"/>
						<line hits="1" number="9"/>
						<line hits="1" number="12"/>
						<line hits="1" number="13"/>
						<line hits="1" number="16"/>
						<line hits="1" number="18"/>
					</lines>
				</class>
				<class branch-rate="0.875" complexity="0" filename="pyfields/tests/issues/test_issue_84.py" line-rate="0.9592" name="test_issue_84.py">
					<methods/>
					<lines>
						<line hits="1" number="1"/>
						<line hits="1" number="3"/>
						<line hits="1" number="5"/>
						<line hits="1" number="6"/>
						<line hits="1" number="14"/>
						<line hits="1" number="17"/>
						<line hits="1" number="18"/>
						<line hits="1" number="22"/>
						<line hits="1" number="23"/>
						<line hits="1" number="24"/>
						<line hits="1" number="26"/>
						<line hits="1" number="27"/>
						<line hits="1" number="29"/>
						<line branch="true" condition-coverage="100% (2/2)" hits="1" number="31"/>
						<line hits="1" number="32"/>
						<line branch="true" condition-coverage="100% (2/2)" hits="1" number="33"/>
						<line hits="1" number="35"/>
						<line hits="1" number="36"/>
						<line hits="1" number="39"/>
						<line hits="1" number="40"/>
						<line hits="1" number="41"/>
						<line hits="1" number="43"/>
						<line hits="1" number="44"/>
						<line hits="1" number="48"/>
						<line branch="true" condition-coverage="100% (2/2)" hits="1" number="51"/>
						<line hits="1" number="52"/>
						<line hits="1" number="53"/>
						<line hits="1" number="55"/>
						<line hits="1" number="56"/>
						<line branch="true" condition-coverage="50% (1/2)" hits="1" missing-branches="60" number="58"/>
						<line hits="0" number="60"/>
						<line hits="1" number="62"/>
						<line branch="true" condition-coverage="100% (2/2)" hits="1" number="63"/>
						<line hits="1" number="64"/>
						<line hits="1" number="65"/>
						<line hits="1" number="67"/>
						<line hits="1" number="70"/>
						<line branch="true" condition-coverage="100% (2/2)" hits="1" number="73"/>
						<line hits="1" number="74"/>
						<line hits="1" number="75"/>
						<line hits="1" number="77"/>
						<line hits="1" number="78"/>
						<line branch="true" condition-coverage="50% (1/2)" hits="1" missing-branches="82" number="80"/>
						<line hits="0" number="82"/>
						<line hits="1" number="84"/>
						<line branch="true" condition-coverage="100% (2/2)" hits="1" number="85"/>
						<line hits="1" number="86"/>
						<line hits="1" number="87"/>
						<line hits="1" number="89"/>
					</lines>
				</class>
			</classes>
		</package>
	</packages>
</coverage>
